# JRE version: OpenJDK Runtime Environment Temurin-17.0.10+7 (17.0.10+7) (build 17.0.10+7)
# Java VM: OpenJDK 64-Bit Server VM Temurin-17.0.10+7 (17.0.10+7, mixed mode, tiered, compressed oops, compressed class ptrs, parallel gc, windows-amd64)
GC Precious Log:
 CPUs: 12 total, 12 available
 Memory: 7878M
 Large Page Support: Disabled
 NUMA Support: Disabled
 Compressed Oops: Enabled (32-bit)
 Alignments: Space 512K, Generation 512K, Heap 2M
 Heap Min Capacity: 100M
 Heap Initial Capacity: 100M
 Heap Max Capacity: 1G
 Pre-touch: Disabled
 Parallel Workers: 10
Heap:
 PSYoungGen      total 3584K, used 3063K [0x00000000eab00000, 0x00000000eaf80000, 0x0000000100000000)
  eden space 2560K, 82% used [0x00000000eab00000,0x00000000ead0ded0,0x00000000ead80000)
  from space 1024K, 93% used [0x00000000eae80000,0x00000000eaf70020,0x00000000eaf80000)
  to   space 1024K, 0% used [0x00000000ead80000,0x00000000ead80000,0x00000000eae80000)
 ParOldGen       total 138240K, used 111581K [0x00000000c0000000, 0x00000000c8700000, 0x00000000eab00000)
  object space 138240K, 80% used [0x00000000c0000000,0x00000000c6cf7630,0x00000000c8700000)
 Metaspace       used 89598K, committed 90880K, reserved 1179648K
  class space    used 9491K, committed 10048K, reserved 1048576K
GC Heap History (20 events):
Event: 2492.279 GC heap before
{Heap before GC invocations=460 (full 11):
 PSYoungGen      total 4096K, used 3610K [0x00000000eab00000, 0x00000000eb000000, 0x0000000100000000)
  eden space 3072K, 100% used [0x00000000eab00000,0x00000000eae00000,0x00000000eae00000)
  from space 1024K, 52% used [0x00000000eaf00000,0x00000000eaf86900,0x00000000eb000000)
  to   space 1024K, 0% used [0x00000000eae00000,0x00000000eae00000,0x00000000eaf00000)
 ParOldGen       total 138240K, used 111509K [0x00000000c0000000, 0x00000000c8700000, 0x00000000eab00000)
  object space 138240K, 80% used [0x00000000c0000000,0x00000000c6ce5630,0x00000000c8700000)
 Metaspace       used 89529K, committed 90816K, reserved 1179648K
  class space    used 9485K, committed 9984K, reserved 1048576K
}
Event: 2492.279 GC heap after
{Heap after GC invocations=460 (full 11):
 PSYoungGen      total 4096K, used 660K [0x00000000eab00000, 0x00000000eb000000, 0x0000000100000000)
  eden space 3072K, 0% used [0x00000000eab00000,0x00000000eab00000,0x00000000eae00000)
  from space 1024K, 64% used [0x00000000eae00000,0x00000000eaea5220,0x00000000eaf00000)
  to   space 1024K, 0% used [0x00000000eaf00000,0x00000000eaf00000,0x00000000eb000000)
 ParOldGen       total 138240K, used 111509K [0x00000000c0000000, 0x00000000c8700000, 0x00000000eab00000)
  object space 138240K, 80% used [0x00000000c0000000,0x00000000c6ce5630,0x00000000c8700000)
 Metaspace       used 89529K, committed 90816K, reserved 1179648K
  class space    used 9485K, committed 9984K, reserved 1048576K
}
Event: 2492.403 GC heap before
{Heap before GC invocations=461 (full 11):
 PSYoungGen      total 4096K, used 3635K [0x00000000eab00000, 0x00000000eb000000, 0x0000000100000000)
  eden space 3072K, 96% used [0x00000000eab00000,0x00000000eade7cd0,0x00000000eae00000)
  from space 1024K, 64% used [0x00000000eae00000,0x00000000eaea5220,0x00000000eaf00000)
  to   space 1024K, 0% used [0x00000000eaf00000,0x00000000eaf00000,0x00000000eb000000)
 ParOldGen       total 138240K, used 111509K [0x00000000c0000000, 0x00000000c8700000, 0x00000000eab00000)
  object space 138240K, 80% used [0x00000000c0000000,0x00000000c6ce5630,0x00000000c8700000)
 Metaspace       used 89529K, committed 90816K, reserved 1179648K
  class space    used 9485K, committed 9984K, reserved 1048576K
}
Event: 2492.403 GC heap after
{Heap after GC invocations=461 (full 11):
 PSYoungGen      total 4096K, used 788K [0x00000000eab00000, 0x00000000eb000000, 0x0000000100000000)
  eden space 3072K, 0% used [0x00000000eab00000,0x00000000eab00000,0x00000000eae00000)
  from space 1024K, 77% used [0x00000000eaf00000,0x00000000eafc5220,0x00000000eb000000)
  to   space 1024K, 0% used [0x00000000eae00000,0x00000000eae00000,0x00000000eaf00000)
 ParOldGen       total 138240K, used 111509K [0x00000000c0000000, 0x00000000c8700000, 0x00000000eab00000)
  object space 138240K, 80% used [0x00000000c0000000,0x00000000c6ce5630,0x00000000c8700000)
 Metaspace       used 89529K, committed 90816K, reserved 1179648K
  class space    used 9485K, committed 9984K, reserved 1048576K
}
Event: 2492.456 GC heap before
{Heap before GC invocations=462 (full 11):
 PSYoungGen      total 4096K, used 3775K [0x00000000eab00000, 0x00000000eb000000, 0x0000000100000000)
  eden space 3072K, 97% used [0x00000000eab00000,0x00000000eadeaae0,0x00000000eae00000)
  from space 1024K, 77% used [0x00000000eaf00000,0x00000000eafc5220,0x00000000eb000000)
  to   space 1024K, 0% used [0x00000000eae00000,0x00000000eae00000,0x00000000eaf00000)
 ParOldGen       total 138240K, used 111509K [0x00000000c0000000, 0x00000000c8700000, 0x00000000eab00000)
  object space 138240K, 80% used [0x00000000c0000000,0x00000000c6ce5630,0x00000000c8700000)
 Metaspace       used 89529K, committed 90816K, reserved 1179648K
  class space    used 9485K, committed 9984K, reserved 1048576K
}
Event: 2492.456 GC heap after
{Heap after GC invocations=462 (full 11):
 PSYoungGen      total 4096K, used 1016K [0x00000000eab00000, 0x00000000eb100000, 0x0000000100000000)
  eden space 3072K, 0% used [0x00000000eab00000,0x00000000eab00000,0x00000000eae00000)
  from space 1024K, 99% used [0x00000000eae00000,0x00000000eaefe3b8,0x00000000eaf00000)
  to   space 1536K, 0% used [0x00000000eaf80000,0x00000000eaf80000,0x00000000eb100000)
 ParOldGen       total 138240K, used 111509K [0x00000000c0000000, 0x00000000c8700000, 0x00000000eab00000)
  object space 138240K, 80% used [0x00000000c0000000,0x00000000c6ce5630,0x00000000c8700000)
 Metaspace       used 89529K, committed 90816K, reserved 1179648K
  class space    used 9485K, committed 9984K, reserved 1048576K
}
Event: 2492.553 GC heap before
{Heap before GC invocations=463 (full 11):
 PSYoungGen      total 4096K, used 4088K [0x00000000eab00000, 0x00000000eb100000, 0x0000000100000000)
  eden space 3072K, 100% used [0x00000000eab00000,0x00000000eae00000,0x00000000eae00000)
  from space 1024K, 99% used [0x00000000eae00000,0x00000000eaefe3b8,0x00000000eaf00000)
  to   space 1536K, 0% used [0x00000000eaf80000,0x00000000eaf80000,0x00000000eb100000)
 ParOldGen       total 138240K, used 111509K [0x00000000c0000000, 0x00000000c8700000, 0x00000000eab00000)
  object space 138240K, 80% used [0x00000000c0000000,0x00000000c6ce5630,0x00000000c8700000)
 Metaspace       used 89529K, committed 90816K, reserved 1179648K
  class space    used 9485K, committed 9984K, reserved 1048576K
}
Event: 2492.554 GC heap after
{Heap after GC invocations=463 (full 11):
 PSYoungGen      total 4096K, used 916K [0x00000000eab00000, 0x00000000eb080000, 0x0000000100000000)
  eden space 3072K, 0% used [0x00000000eab00000,0x00000000eab00000,0x00000000eae00000)
  from space 1024K, 89% used [0x00000000eaf80000,0x00000000eb065220,0x00000000eb080000)
  to   space 1024K, 0% used [0x00000000eae00000,0x00000000eae00000,0x00000000eaf00000)
 ParOldGen       total 138240K, used 111509K [0x00000000c0000000, 0x00000000c8700000, 0x00000000eab00000)
  object space 138240K, 80% used [0x00000000c0000000,0x00000000c6ce5630,0x00000000c8700000)
 Metaspace       used 89529K, committed 90816K, reserved 1179648K
  class space    used 9485K, committed 9984K, reserved 1048576K
}
Event: 2492.607 GC heap before
{Heap before GC invocations=464 (full 11):
 PSYoungGen      total 4096K, used 3988K [0x00000000eab00000, 0x00000000eb080000, 0x0000000100000000)
  eden space 3072K, 100% used [0x00000000eab00000,0x00000000eae00000,0x00000000eae00000)
  from space 1024K, 89% used [0x00000000eaf80000,0x00000000eb065220,0x00000000eb080000)
  to   space 1024K, 0% used [0x00000000eae00000,0x00000000eae00000,0x00000000eaf00000)
 ParOldGen       total 138240K, used 111509K [0x00000000c0000000, 0x00000000c8700000, 0x00000000eab00000)
  object space 138240K, 80% used [0x00000000c0000000,0x00000000c6ce5630,0x00000000c8700000)
 Metaspace       used 89529K, committed 90816K, reserved 1179648K
  class space    used 9485K, committed 9984K, reserved 1048576K
}
Event: 2492.608 GC heap after
{Heap after GC invocations=464 (full 11):
 PSYoungGen      total 4096K, used 884K [0x00000000eab00000, 0x00000000eb000000, 0x0000000100000000)
  eden space 3072K, 0% used [0x00000000eab00000,0x00000000eab00000,0x00000000eae00000)
  from space 1024K, 86% used [0x00000000eae00000,0x00000000eaedd220,0x00000000eaf00000)
  to   space 1024K, 0% used [0x00000000eaf00000,0x00000000eaf00000,0x00000000eb000000)
 ParOldGen       total 138240K, used 111509K [0x00000000c0000000, 0x00000000c8700000, 0x00000000eab00000)
  object space 138240K, 80% used [0x00000000c0000000,0x00000000c6ce5630,0x00000000c8700000)
 Metaspace       used 89529K, committed 90816K, reserved 1179648K
  class space    used 9485K, committed 9984K, reserved 1048576K
}
Event: 2492.710 GC heap before
{Heap before GC invocations=465 (full 11):
 PSYoungGen      total 4096K, used 3799K [0x00000000eab00000, 0x00000000eb000000, 0x0000000100000000)
  eden space 3072K, 94% used [0x00000000eab00000,0x00000000eadd8c38,0x00000000eae00000)
  from space 1024K, 86% used [0x00000000eae00000,0x00000000eaedd220,0x00000000eaf00000)
  to   space 1024K, 0% used [0x00000000eaf00000,0x00000000eaf00000,0x00000000eb000000)
 ParOldGen       total 138240K, used 111509K [0x00000000c0000000, 0x00000000c8700000, 0x00000000eab00000)
  object space 138240K, 80% used [0x00000000c0000000,0x00000000c6ce5630,0x00000000c8700000)
 Metaspace       used 89529K, committed 90816K, reserved 1179648K
  class space    used 9485K, committed 9984K, reserved 1048576K
}
Event: 2492.710 GC heap after
{Heap after GC invocations=465 (full 11):
 PSYoungGen      total 4096K, used 884K [0x00000000eab00000, 0x00000000eb000000, 0x0000000100000000)
  eden space 3072K, 0% used [0x00000000eab00000,0x00000000eab00000,0x00000000eae00000)
  from space 1024K, 86% used [0x00000000eaf00000,0x00000000eafdd220,0x00000000eb000000)
  to   space 1024K, 0% used [0x00000000eae00000,0x00000000eae00000,0x00000000eaf00000)
 ParOldGen       total 138240K, used 111509K [0x00000000c0000000, 0x00000000c8700000, 0x00000000eab00000)
  object space 138240K, 80% used [0x00000000c0000000,0x00000000c6ce5630,0x00000000c8700000)
 Metaspace       used 89529K, committed 90816K, reserved 1179648K
  class space    used 9485K, committed 9984K, reserved 1048576K
}
Event: 2492.814 GC heap before
{Heap before GC invocations=466 (full 11):
 PSYoungGen      total 4096K, used 3935K [0x00000000eab00000, 0x00000000eb000000, 0x0000000100000000)
  eden space 3072K, 99% used [0x00000000eab00000,0x00000000eadfab00,0x00000000eae00000)
  from space 1024K, 86% used [0x00000000eaf00000,0x00000000eafdd220,0x00000000eb000000)
  to   space 1024K, 0% used [0x00000000eae00000,0x00000000eae00000,0x00000000eaf00000)
 ParOldGen       total 138240K, used 111509K [0x00000000c0000000, 0x00000000c8700000, 0x00000000eab00000)
  object space 138240K, 80% used [0x00000000c0000000,0x00000000c6ce5630,0x00000000c8700000)
 Metaspace       used 89529K, committed 90816K, reserved 1179648K
  class space    used 9485K, committed 9984K, reserved 1048576K
}
Event: 2492.815 GC heap after
{Heap after GC invocations=466 (full 11):
 PSYoungGen      total 4096K, used 910K [0x00000000eab00000, 0x00000000eb000000, 0x0000000100000000)
  eden space 3072K, 0% used [0x00000000eab00000,0x00000000eab00000,0x00000000eae00000)
  from space 1024K, 88% used [0x00000000eae00000,0x00000000eaee3b20,0x00000000eaf00000)
  to   space 1024K, 0% used [0x00000000eaf00000,0x00000000eaf00000,0x00000000eb000000)
 ParOldGen       total 138240K, used 111509K [0x00000000c0000000, 0x00000000c8700000, 0x00000000eab00000)
  object space 138240K, 80% used [0x00000000c0000000,0x00000000c6ce5630,0x00000000c8700000)
 Metaspace       used 89529K, committed 90816K, reserved 1179648K
  class space    used 9485K, committed 9984K, reserved 1048576K
}
Event: 2492.879 GC heap before
{Heap before GC invocations=467 (full 11):
 PSYoungGen      total 4096K, used 3980K [0x00000000eab00000, 0x00000000eb000000, 0x0000000100000000)
  eden space 3072K, 99% used [0x00000000eab00000,0x00000000eadff800,0x00000000eae00000)
  from space 1024K, 88% used [0x00000000eae00000,0x00000000eaee3b20,0x00000000eaf00000)
  to   space 1024K, 0% used [0x00000000eaf00000,0x00000000eaf00000,0x00000000eb000000)
 ParOldGen       total 138240K, used 111509K [0x00000000c0000000, 0x00000000c8700000, 0x00000000eab00000)
  object space 138240K, 80% used [0x00000000c0000000,0x00000000c6ce5630,0x00000000c8700000)
 Metaspace       used 89597K, committed 90880K, reserved 1179648K
  class space    used 9491K, committed 10048K, reserved 1048576K
}
Event: 2492.880 GC heap after
{Heap after GC invocations=467 (full 11):
 PSYoungGen      total 3584K, used 1024K [0x00000000eab00000, 0x00000000eb100000, 0x0000000100000000)
  eden space 2560K, 0% used [0x00000000eab00000,0x00000000eab00000,0x00000000ead80000)
  from space 1024K, 100% used [0x00000000eaf00000,0x00000000eb000000,0x00000000eb000000)
  to   space 1536K, 0% used [0x00000000ead80000,0x00000000ead80000,0x00000000eaf00000)
 ParOldGen       total 138240K, used 111525K [0x00000000c0000000, 0x00000000c8700000, 0x00000000eab00000)
  object space 138240K, 80% used [0x00000000c0000000,0x00000000c6ce9630,0x00000000c8700000)
 Metaspace       used 89597K, committed 90880K, reserved 1179648K
  class space    used 9491K, committed 10048K, reserved 1048576K
}
Event: 2492.905 GC heap before
{Heap before GC invocations=468 (full 11):
 PSYoungGen      total 3584K, used 3584K [0x00000000eab00000, 0x00000000eb100000, 0x0000000100000000)
  eden space 2560K, 100% used [0x00000000eab00000,0x00000000ead80000,0x00000000ead80000)
  from space 1024K, 100% used [0x00000000eaf00000,0x00000000eb000000,0x00000000eb000000)
  to   space 1536K, 0% used [0x00000000ead80000,0x00000000ead80000,0x00000000eaf00000)
 ParOldGen       total 138240K, used 111525K [0x00000000c0000000, 0x00000000c8700000, 0x00000000eab00000)
  object space 138240K, 80% used [0x00000000c0000000,0x00000000c6ce9630,0x00000000c8700000)
 Metaspace       used 89598K, committed 90880K, reserved 1179648K
  class space    used 9491K, committed 10048K, reserved 1048576K
}
Event: 2492.905 GC heap after
{Heap after GC invocations=468 (full 11):
 PSYoungGen      total 3584K, used 992K [0x00000000eab00000, 0x00000000eaf80000, 0x0000000100000000)
  eden space 2560K, 0% used [0x00000000eab00000,0x00000000eab00000,0x00000000ead80000)
  from space 1024K, 96% used [0x00000000ead80000,0x00000000eae78020,0x00000000eae80000)
  to   space 1024K, 0% used [0x00000000eae80000,0x00000000eae80000,0x00000000eaf80000)
 ParOldGen       total 138240K, used 111525K [0x00000000c0000000, 0x00000000c8700000, 0x00000000eab00000)
  object space 138240K, 80% used [0x00000000c0000000,0x00000000c6ce9630,0x00000000c8700000)
 Metaspace       used 89598K, committed 90880K, reserved 1179648K
  class space    used 9491K, committed 10048K, reserved 1048576K
}
Event: 2493.034 GC heap before
{Heap before GC invocations=469 (full 11):
 PSYoungGen      total 3584K, used 3533K [0x00000000eab00000, 0x00000000eaf80000, 0x0000000100000000)
  eden space 2560K, 99% used [0x00000000eab00000,0x00000000ead7b728,0x00000000ead80000)
  from space 1024K, 96% used [0x00000000ead80000,0x00000000eae78020,0x00000000eae80000)
  to   space 1024K, 0% used [0x00000000eae80000,0x00000000eae80000,0x00000000eaf80000)
 ParOldGen       total 138240K, used 111525K [0x00000000c0000000, 0x00000000c8700000, 0x00000000eab00000)
  object space 138240K, 80% used [0x00000000c0000000,0x00000000c6ce9630,0x00000000c8700000)
 Metaspace       used 89598K, committed 90880K, reserved 1179648K
  class space    used 9491K, committed 10048K, reserved 1048576K
}
Event: 2493.034 GC heap after
{Heap after GC invocations=469 (full 11):
 PSYoungGen      total 3584K, used 960K [0x00000000eab00000, 0x00000000eaf80000, 0x0000000100000000)
  eden space 2560K, 0% used [0x00000000eab00000,0x00000000eab00000,0x00000000ead80000)
  from space 1024K, 93% used [0x00000000eae80000,0x00000000eaf70020,0x00000000eaf80000)
  to   space 1024K, 0% used [0x00000000ead80000,0x00000000ead80000,0x00000000eae80000)
 ParOldGen       total 138240K, used 111581K [0x00000000c0000000, 0x00000000c8700000, 0x00000000eab00000)
  object space 138240K, 80% used [0x00000000c0000000,0x00000000c6cf7630,0x00000000c8700000)
 Metaspace       used 89598K, committed 90880K, reserved 1179648K
  class space    used 9491K, committed 10048K, reserved 1048576K
}

