# JRE version: OpenJDK Runtime Environment Temurin-17.0.10+7 (17.0.10+7) (build 17.0.10+7)
# Java VM: OpenJDK 64-Bit Server VM Temurin-17.0.10+7 (17.0.10+7, mixed mode, emulated-client, tiered, compressed oops, compressed class ptrs, g1 gc, windows-amd64)
GC Precious Log:
 CPUs: 12 total, 12 available
 Memory: 7878M
 Large Page Support: Disabled
 NUMA Support: Disabled
 Compressed Oops: Enabled (32-bit)
 Heap Region Size: 1M
 Heap Min Capacity: 8M
 Heap Initial Capacity: 124M
 Heap Max Capacity: 1G
 Pre-touch: Disabled
 Parallel Workers: 10
 Concurrent Workers: 3
 Concurrent Refinement Workers: 10
 Periodic GC: Disabled
Heap:
 garbage-first heap   total 75776K, used 23862K [0x00000000c0000000, 0x0000000100000000)
  region size 1024K, 1 young (1024K), 0 survivors (0K)
 Metaspace       used 37753K, committed 38336K, reserved 1114112K
  class space    used 4912K, committed 5184K, reserved 1048576K
GC Heap History (20 events):
Event: 421.806 GC heap before
{Heap before GC invocations=45 (full 37):
 garbage-first heap   total 75776K, used 23862K [0x00000000c0000000, 0x0000000100000000)
  region size 1024K, 1 young (1024K), 0 survivors (0K)
 Metaspace       used 37753K, committed 38336K, reserved 1114112K
  class space    used 4912K, committed 5184K, reserved 1048576K
}
Event: 421.821 GC heap after
{Heap after GC invocations=46 (full 38):
 garbage-first heap   total 75776K, used 23862K [0x00000000c0000000, 0x0000000100000000)
  region size 1024K, 0 young (0K), 0 survivors (0K)
 Metaspace       used 37753K, committed 38336K, reserved 1114112K
  class space    used 4912K, committed 5184K, reserved 1048576K
}
Event: 432.138 GC heap before
{Heap before GC invocations=46 (full 38):
 garbage-first heap   total 75776K, used 23862K [0x00000000c0000000, 0x0000000100000000)
  region size 1024K, 1 young (1024K), 0 survivors (0K)
 Metaspace       used 37753K, committed 38336K, reserved 1114112K
  class space    used 4912K, committed 5184K, reserved 1048576K
}
Event: 432.154 GC heap after
{Heap after GC invocations=47 (full 39):
 garbage-first heap   total 75776K, used 23862K [0x00000000c0000000, 0x0000000100000000)
  region size 1024K, 0 young (0K), 0 survivors (0K)
 Metaspace       used 37753K, committed 38336K, reserved 1114112K
  class space    used 4912K, committed 5184K, reserved 1048576K
}
Event: 442.313 GC heap before
{Heap before GC invocations=47 (full 39):
 garbage-first heap   total 75776K, used 23862K [0x00000000c0000000, 0x0000000100000000)
  region size 1024K, 1 young (1024K), 0 survivors (0K)
 Metaspace       used 37753K, committed 38336K, reserved 1114112K
  class space    used 4912K, committed 5184K, reserved 1048576K
}
Event: 442.326 GC heap after
{Heap after GC invocations=48 (full 40):
 garbage-first heap   total 75776K, used 23862K [0x00000000c0000000, 0x0000000100000000)
  region size 1024K, 0 young (0K), 0 survivors (0K)
 Metaspace       used 37753K, committed 38336K, reserved 1114112K
  class space    used 4912K, committed 5184K, reserved 1048576K
}
Event: 452.505 GC heap before
{Heap before GC invocations=48 (full 40):
 garbage-first heap   total 75776K, used 23862K [0x00000000c0000000, 0x0000000100000000)
  region size 1024K, 1 young (1024K), 0 survivors (0K)
 Metaspace       used 37753K, committed 38336K, reserved 1114112K
  class space    used 4912K, committed 5184K, reserved 1048576K
}
Event: 452.524 GC heap after
{Heap after GC invocations=49 (full 41):
 garbage-first heap   total 75776K, used 23862K [0x00000000c0000000, 0x0000000100000000)
  region size 1024K, 0 young (0K), 0 survivors (0K)
 Metaspace       used 37753K, committed 38336K, reserved 1114112K
  class space    used 4912K, committed 5184K, reserved 1048576K
}
Event: 462.669 GC heap before
{Heap before GC invocations=49 (full 41):
 garbage-first heap   total 75776K, used 23862K [0x00000000c0000000, 0x0000000100000000)
  region size 1024K, 1 young (1024K), 0 survivors (0K)
 Metaspace       used 37753K, committed 38336K, reserved 1114112K
  class space    used 4912K, committed 5184K, reserved 1048576K
}
Event: 462.681 GC heap after
{Heap after GC invocations=50 (full 42):
 garbage-first heap   total 75776K, used 23862K [0x00000000c0000000, 0x0000000100000000)
  region size 1024K, 0 young (0K), 0 survivors (0K)
 Metaspace       used 37753K, committed 38336K, reserved 1114112K
  class space    used 4912K, committed 5184K, reserved 1048576K
}
Event: 472.844 GC heap before
{Heap before GC invocations=50 (full 42):
 garbage-first heap   total 75776K, used 23862K [0x00000000c0000000, 0x0000000100000000)
  region size 1024K, 1 young (1024K), 0 survivors (0K)
 Metaspace       used 37753K, committed 38336K, reserved 1114112K
  class space    used 4912K, committed 5184K, reserved 1048576K
}
Event: 472.861 GC heap after
{Heap after GC invocations=51 (full 43):
 garbage-first heap   total 75776K, used 23862K [0x00000000c0000000, 0x0000000100000000)
  region size 1024K, 0 young (0K), 0 survivors (0K)
 Metaspace       used 37753K, committed 38336K, reserved 1114112K
  class space    used 4912K, committed 5184K, reserved 1048576K
}
Event: 483.255 GC heap before
{Heap before GC invocations=51 (full 43):
 garbage-first heap   total 75776K, used 23862K [0x00000000c0000000, 0x0000000100000000)
  region size 1024K, 1 young (1024K), 0 survivors (0K)
 Metaspace       used 37753K, committed 38336K, reserved 1114112K
  class space    used 4912K, committed 5184K, reserved 1048576K
}
Event: 483.281 GC heap after
{Heap after GC invocations=52 (full 44):
 garbage-first heap   total 75776K, used 23862K [0x00000000c0000000, 0x0000000100000000)
  region size 1024K, 0 young (0K), 0 survivors (0K)
 Metaspace       used 37753K, committed 38336K, reserved 1114112K
  class space    used 4912K, committed 5184K, reserved 1048576K
}
Event: 493.441 GC heap before
{Heap before GC invocations=52 (full 44):
 garbage-first heap   total 75776K, used 23862K [0x00000000c0000000, 0x0000000100000000)
  region size 1024K, 1 young (1024K), 0 survivors (0K)
 Metaspace       used 37753K, committed 38336K, reserved 1114112K
  class space    used 4912K, committed 5184K, reserved 1048576K
}
Event: 493.456 GC heap after
{Heap after GC invocations=53 (full 45):
 garbage-first heap   total 75776K, used 23862K [0x00000000c0000000, 0x0000000100000000)
  region size 1024K, 0 young (0K), 0 survivors (0K)
 Metaspace       used 37753K, committed 38336K, reserved 1114112K
  class space    used 4912K, committed 5184K, reserved 1048576K
}
Event: 503.637 GC heap before
{Heap before GC invocations=53 (full 45):
 garbage-first heap   total 75776K, used 23862K [0x00000000c0000000, 0x0000000100000000)
  region size 1024K, 1 young (1024K), 0 survivors (0K)
 Metaspace       used 37753K, committed 38336K, reserved 1114112K
  class space    used 4912K, committed 5184K, reserved 1048576K
}
Event: 503.653 GC heap after
{Heap after GC invocations=54 (full 46):
 garbage-first heap   total 75776K, used 23862K [0x00000000c0000000, 0x0000000100000000)
  region size 1024K, 0 young (0K), 0 survivors (0K)
 Metaspace       used 37753K, committed 38336K, reserved 1114112K
  class space    used 4912K, committed 5184K, reserved 1048576K
}
Event: 513.843 GC heap before
{Heap before GC invocations=54 (full 46):
 garbage-first heap   total 75776K, used 23862K [0x00000000c0000000, 0x0000000100000000)
  region size 1024K, 1 young (1024K), 0 survivors (0K)
 Metaspace       used 37753K, committed 38336K, reserved 1114112K
  class space    used 4912K, committed 5184K, reserved 1048576K
}
Event: 513.860 GC heap after
{Heap after GC invocations=55 (full 47):
 garbage-first heap   total 75776K, used 23862K [0x00000000c0000000, 0x0000000100000000)
  region size 1024K, 0 young (0K), 0 survivors (0K)
 Metaspace       used 37753K, committed 38336K, reserved 1114112K
  class space    used 4912K, committed 5184K, reserved 1048576K
}

