# JRE version: OpenJDK Runtime Environment Temurin-17.0.10+7 (17.0.10+7) (build 17.0.10+7)
# Java VM: OpenJDK 64-Bit Server VM Temurin-17.0.10+7 (17.0.10+7, mixed mode, emulated-client, tiered, compressed oops, compressed class ptrs, g1 gc, windows-amd64)
GC Precious Log:
 CPUs: 12 total, 12 available
 Memory: 7878M
 Large Page Support: Disabled
 NUMA Support: Disabled
 Compressed Oops: Enabled (32-bit)
 Heap Region Size: 1M
 Heap Min Capacity: 8M
 Heap Initial Capacity: 124M
 Heap Max Capacity: 1G
 Pre-touch: Disabled
 Parallel Workers: 10
 Concurrent Workers: 3
 Concurrent Refinement Workers: 10
 Periodic GC: Disabled
Heap:
 garbage-first heap   total 76800K, used 29720K [0x00000000c0000000, 0x0000000100000000)
  region size 1024K, 1 young (1024K), 0 survivors (0K)
 Metaspace       used 58529K, committed 59008K, reserved 1114112K
  class space    used 7266K, committed 7488K, reserved 1048576K
GC Heap History (20 events):
Event: 641.087 GC heap before
{Heap before GC invocations=46 (full 29):
 garbage-first heap   total 76800K, used 29620K [0x00000000c0000000, 0x0000000100000000)
  region size 1024K, 1 young (1024K), 0 survivors (0K)
 Metaspace       used 58498K, committed 59008K, reserved 1114112K
  class space    used 7263K, committed 7488K, reserved 1048576K
}
Event: 641.108 GC heap after
{Heap after GC invocations=47 (full 30):
 garbage-first heap   total 76800K, used 29620K [0x00000000c0000000, 0x0000000100000000)
  region size 1024K, 0 young (0K), 0 survivors (0K)
 Metaspace       used 58498K, committed 59008K, reserved 1114112K
  class space    used 7263K, committed 7488K, reserved 1048576K
}
Event: 651.264 GC heap before
{Heap before GC invocations=47 (full 30):
 garbage-first heap   total 76800K, used 29620K [0x00000000c0000000, 0x0000000100000000)
  region size 1024K, 1 young (1024K), 0 survivors (0K)
 Metaspace       used 58498K, committed 59008K, reserved 1114112K
  class space    used 7263K, committed 7488K, reserved 1048576K
}
Event: 651.284 GC heap after
{Heap after GC invocations=48 (full 31):
 garbage-first heap   total 76800K, used 29620K [0x00000000c0000000, 0x0000000100000000)
  region size 1024K, 0 young (0K), 0 survivors (0K)
 Metaspace       used 58498K, committed 59008K, reserved 1114112K
  class space    used 7263K, committed 7488K, reserved 1048576K
}
Event: 671.410 GC heap before
{Heap before GC invocations=48 (full 31):
 garbage-first heap   total 76800K, used 54196K [0x00000000c0000000, 0x0000000100000000)
  region size 1024K, 24 young (24576K), 0 survivors (0K)
 Metaspace       used 58528K, committed 59008K, reserved 1114112K
  class space    used 7265K, committed 7488K, reserved 1048576K
}
Event: 671.421 GC heap after
{Heap after GC invocations=49 (full 31):
 garbage-first heap   total 76800K, used 37411K [0x00000000c0000000, 0x0000000100000000)
  region size 1024K, 3 young (3072K), 3 survivors (3072K)
 Metaspace       used 58528K, committed 59008K, reserved 1114112K
  class space    used 7265K, committed 7488K, reserved 1048576K
}
Event: 740.334 GC heap before
{Heap before GC invocations=49 (full 31):
 garbage-first heap   total 76800K, used 56867K [0x00000000c0000000, 0x0000000100000000)
  region size 1024K, 22 young (22528K), 3 survivors (3072K)
 Metaspace       used 58529K, committed 59008K, reserved 1114112K
  class space    used 7266K, committed 7488K, reserved 1048576K
}
Event: 740.347 GC heap after
{Heap after GC invocations=50 (full 31):
 garbage-first heap   total 76800K, used 39626K [0x00000000c0000000, 0x0000000100000000)
  region size 1024K, 3 young (3072K), 3 survivors (3072K)
 Metaspace       used 58529K, committed 59008K, reserved 1114112K
  class space    used 7266K, committed 7488K, reserved 1048576K
}
Event: 771.576 GC heap before
{Heap before GC invocations=51 (full 31):
 garbage-first heap   total 76800K, used 39626K [0x00000000c0000000, 0x0000000100000000)
  region size 1024K, 4 young (4096K), 3 survivors (3072K)
 Metaspace       used 58529K, committed 59008K, reserved 1114112K
  class space    used 7266K, committed 7488K, reserved 1048576K
}
Event: 771.599 GC heap after
{Heap after GC invocations=52 (full 32):
 garbage-first heap   total 76800K, used 37144K [0x00000000c0000000, 0x0000000100000000)
  region size 1024K, 0 young (0K), 0 survivors (0K)
 Metaspace       used 58529K, committed 59008K, reserved 1114112K
  class space    used 7266K, committed 7488K, reserved 1048576K
}
Event: 781.786 GC heap before
{Heap before GC invocations=52 (full 32):
 garbage-first heap   total 76800K, used 37144K [0x00000000c0000000, 0x0000000100000000)
  region size 1024K, 1 young (1024K), 0 survivors (0K)
 Metaspace       used 58529K, committed 59008K, reserved 1114112K
  class space    used 7266K, committed 7488K, reserved 1048576K
}
Event: 781.804 GC heap after
{Heap after GC invocations=53 (full 33):
 garbage-first heap   total 76800K, used 37144K [0x00000000c0000000, 0x0000000100000000)
  region size 1024K, 0 young (0K), 0 survivors (0K)
 Metaspace       used 58529K, committed 59008K, reserved 1114112K
  class space    used 7266K, committed 7488K, reserved 1048576K
}
Event: 792.001 GC heap before
{Heap before GC invocations=53 (full 33):
 garbage-first heap   total 76800K, used 37144K [0x00000000c0000000, 0x0000000100000000)
  region size 1024K, 1 young (1024K), 0 survivors (0K)
 Metaspace       used 58529K, committed 59008K, reserved 1114112K
  class space    used 7266K, committed 7488K, reserved 1048576K
}
Event: 792.027 GC heap after
{Heap after GC invocations=54 (full 34):
 garbage-first heap   total 76800K, used 37143K [0x00000000c0000000, 0x0000000100000000)
  region size 1024K, 0 young (0K), 0 survivors (0K)
 Metaspace       used 58529K, committed 59008K, reserved 1114112K
  class space    used 7266K, committed 7488K, reserved 1048576K
}
Event: 802.249 GC heap before
{Heap before GC invocations=54 (full 34):
 garbage-first heap   total 76800K, used 37143K [0x00000000c0000000, 0x0000000100000000)
  region size 1024K, 1 young (1024K), 0 survivors (0K)
 Metaspace       used 58529K, committed 59008K, reserved 1114112K
  class space    used 7266K, committed 7488K, reserved 1048576K
}
Event: 802.294 GC heap after
{Heap after GC invocations=55 (full 35):
 garbage-first heap   total 76800K, used 37141K [0x00000000c0000000, 0x0000000100000000)
  region size 1024K, 0 young (0K), 0 survivors (0K)
 Metaspace       used 58529K, committed 59008K, reserved 1114112K
  class space    used 7266K, committed 7488K, reserved 1048576K
}
Event: 842.531 GC heap before
{Heap before GC invocations=55 (full 35):
 garbage-first heap   total 76800K, used 37141K [0x00000000c0000000, 0x0000000100000000)
  region size 1024K, 1 young (1024K), 0 survivors (0K)
 Metaspace       used 58529K, committed 59008K, reserved 1114112K
  class space    used 7266K, committed 7488K, reserved 1048576K
}
Event: 842.556 GC heap after
{Heap after GC invocations=56 (full 36):
 garbage-first heap   total 76800K, used 29720K [0x00000000c0000000, 0x0000000100000000)
  region size 1024K, 0 young (0K), 0 survivors (0K)
 Metaspace       used 58529K, committed 59008K, reserved 1114112K
  class space    used 7266K, committed 7488K, reserved 1048576K
}
Event: 852.775 GC heap before
{Heap before GC invocations=56 (full 36):
 garbage-first heap   total 76800K, used 29720K [0x00000000c0000000, 0x0000000100000000)
  region size 1024K, 1 young (1024K), 0 survivors (0K)
 Metaspace       used 58529K, committed 59008K, reserved 1114112K
  class space    used 7266K, committed 7488K, reserved 1048576K
}
Event: 852.802 GC heap after
{Heap after GC invocations=57 (full 37):
 garbage-first heap   total 76800K, used 29720K [0x00000000c0000000, 0x0000000100000000)
  region size 1024K, 0 young (0K), 0 survivors (0K)
 Metaspace       used 58529K, committed 59008K, reserved 1114112K
  class space    used 7266K, committed 7488K, reserved 1048576K
}

