# JRE version: OpenJDK Runtime Environment Temurin-17.0.10+7 (17.0.10+7) (build 17.0.10+7)
# Java VM: OpenJDK 64-Bit Server VM Temurin-17.0.10+7 (17.0.10+7, mixed mode, emulated-client, tiered, compressed oops, compressed class ptrs, g1 gc, windows-amd64)
GC Precious Log:
 CPUs: 12 total, 12 available
 Memory: 7878M
 Large Page Support: Disabled
 NUMA Support: Disabled
 Compressed Oops: Enabled (32-bit)
 Heap Region Size: 1M
 Heap Min Capacity: 8M
 Heap Initial Capacity: 124M
 Heap Max Capacity: 1G
 Pre-touch: Disabled
 Parallel Workers: 10
 Concurrent Workers: 3
 Concurrent Refinement Workers: 10
 Periodic GC: Disabled
Heap:
 garbage-first heap   total 89088K, used 25986K [0x00000000c0000000, 0x0000000100000000)
  region size 1024K, 1 young (1024K), 0 survivors (0K)
 Metaspace       used 47694K, committed 48384K, reserved 1114112K
  class space    used 6137K, committed 6400K, reserved 1048576K
GC Heap History (20 events):
Event: 604.452 GC heap before
{Heap before GC invocations=65 (full 55):
 garbage-first heap   total 89088K, used 25986K [0x00000000c0000000, 0x0000000100000000)
  region size 1024K, 1 young (1024K), 0 survivors (0K)
 Metaspace       used 47694K, committed 48384K, reserved 1114112K
  class space    used 6137K, committed 6400K, reserved 1048576K
}
Event: 604.466 GC heap after
{Heap after GC invocations=66 (full 56):
 garbage-first heap   total 89088K, used 25986K [0x00000000c0000000, 0x0000000100000000)
  region size 1024K, 0 young (0K), 0 survivors (0K)
 Metaspace       used 47694K, committed 48384K, reserved 1114112K
  class space    used 6137K, committed 6400K, reserved 1048576K
}
Event: 614.622 GC heap before
{Heap before GC invocations=66 (full 56):
 garbage-first heap   total 89088K, used 25986K [0x00000000c0000000, 0x0000000100000000)
  region size 1024K, 1 young (1024K), 0 survivors (0K)
 Metaspace       used 47694K, committed 48384K, reserved 1114112K
  class space    used 6137K, committed 6400K, reserved 1048576K
}
Event: 614.636 GC heap after
{Heap after GC invocations=67 (full 57):
 garbage-first heap   total 89088K, used 25986K [0x00000000c0000000, 0x0000000100000000)
  region size 1024K, 0 young (0K), 0 survivors (0K)
 Metaspace       used 47694K, committed 48384K, reserved 1114112K
  class space    used 6137K, committed 6400K, reserved 1048576K
}
Event: 624.789 GC heap before
{Heap before GC invocations=67 (full 57):
 garbage-first heap   total 89088K, used 25986K [0x00000000c0000000, 0x0000000100000000)
  region size 1024K, 1 young (1024K), 0 survivors (0K)
 Metaspace       used 47694K, committed 48384K, reserved 1114112K
  class space    used 6137K, committed 6400K, reserved 1048576K
}
Event: 624.805 GC heap after
{Heap after GC invocations=68 (full 58):
 garbage-first heap   total 89088K, used 25986K [0x00000000c0000000, 0x0000000100000000)
  region size 1024K, 0 young (0K), 0 survivors (0K)
 Metaspace       used 47694K, committed 48384K, reserved 1114112K
  class space    used 6137K, committed 6400K, reserved 1048576K
}
Event: 634.965 GC heap before
{Heap before GC invocations=68 (full 58):
 garbage-first heap   total 89088K, used 25986K [0x00000000c0000000, 0x0000000100000000)
  region size 1024K, 1 young (1024K), 0 survivors (0K)
 Metaspace       used 47694K, committed 48384K, reserved 1114112K
  class space    used 6137K, committed 6400K, reserved 1048576K
}
Event: 634.980 GC heap after
{Heap after GC invocations=69 (full 59):
 garbage-first heap   total 89088K, used 25986K [0x00000000c0000000, 0x0000000100000000)
  region size 1024K, 0 young (0K), 0 survivors (0K)
 Metaspace       used 47694K, committed 48384K, reserved 1114112K
  class space    used 6137K, committed 6400K, reserved 1048576K
}
Event: 645.146 GC heap before
{Heap before GC invocations=69 (full 59):
 garbage-first heap   total 89088K, used 25986K [0x00000000c0000000, 0x0000000100000000)
  region size 1024K, 1 young (1024K), 0 survivors (0K)
 Metaspace       used 47694K, committed 48384K, reserved 1114112K
  class space    used 6137K, committed 6400K, reserved 1048576K
}
Event: 645.159 GC heap after
{Heap after GC invocations=70 (full 60):
 garbage-first heap   total 89088K, used 25986K [0x00000000c0000000, 0x0000000100000000)
  region size 1024K, 0 young (0K), 0 survivors (0K)
 Metaspace       used 47694K, committed 48384K, reserved 1114112K
  class space    used 6137K, committed 6400K, reserved 1048576K
}
Event: 655.326 GC heap before
{Heap before GC invocations=70 (full 60):
 garbage-first heap   total 89088K, used 25986K [0x00000000c0000000, 0x0000000100000000)
  region size 1024K, 1 young (1024K), 0 survivors (0K)
 Metaspace       used 47694K, committed 48384K, reserved 1114112K
  class space    used 6137K, committed 6400K, reserved 1048576K
}
Event: 655.342 GC heap after
{Heap after GC invocations=71 (full 61):
 garbage-first heap   total 89088K, used 25986K [0x00000000c0000000, 0x0000000100000000)
  region size 1024K, 0 young (0K), 0 survivors (0K)
 Metaspace       used 47694K, committed 48384K, reserved 1114112K
  class space    used 6137K, committed 6400K, reserved 1048576K
}
Event: 665.497 GC heap before
{Heap before GC invocations=71 (full 61):
 garbage-first heap   total 89088K, used 25986K [0x00000000c0000000, 0x0000000100000000)
  region size 1024K, 1 young (1024K), 0 survivors (0K)
 Metaspace       used 47694K, committed 48384K, reserved 1114112K
  class space    used 6137K, committed 6400K, reserved 1048576K
}
Event: 665.509 GC heap after
{Heap after GC invocations=72 (full 62):
 garbage-first heap   total 89088K, used 25986K [0x00000000c0000000, 0x0000000100000000)
  region size 1024K, 0 young (0K), 0 survivors (0K)
 Metaspace       used 47694K, committed 48384K, reserved 1114112K
  class space    used 6137K, committed 6400K, reserved 1048576K
}
Event: 675.670 GC heap before
{Heap before GC invocations=72 (full 62):
 garbage-first heap   total 89088K, used 25986K [0x00000000c0000000, 0x0000000100000000)
  region size 1024K, 1 young (1024K), 0 survivors (0K)
 Metaspace       used 47694K, committed 48384K, reserved 1114112K
  class space    used 6137K, committed 6400K, reserved 1048576K
}
Event: 675.686 GC heap after
{Heap after GC invocations=73 (full 63):
 garbage-first heap   total 89088K, used 25986K [0x00000000c0000000, 0x0000000100000000)
  region size 1024K, 0 young (0K), 0 survivors (0K)
 Metaspace       used 47694K, committed 48384K, reserved 1114112K
  class space    used 6137K, committed 6400K, reserved 1048576K
}
Event: 685.858 GC heap before
{Heap before GC invocations=73 (full 63):
 garbage-first heap   total 89088K, used 25986K [0x00000000c0000000, 0x0000000100000000)
  region size 1024K, 1 young (1024K), 0 survivors (0K)
 Metaspace       used 47694K, committed 48384K, reserved 1114112K
  class space    used 6137K, committed 6400K, reserved 1048576K
}
Event: 685.873 GC heap after
{Heap after GC invocations=74 (full 64):
 garbage-first heap   total 89088K, used 25986K [0x00000000c0000000, 0x0000000100000000)
  region size 1024K, 0 young (0K), 0 survivors (0K)
 Metaspace       used 47694K, committed 48384K, reserved 1114112K
  class space    used 6137K, committed 6400K, reserved 1048576K
}
Event: 696.043 GC heap before
{Heap before GC invocations=74 (full 64):
 garbage-first heap   total 89088K, used 25986K [0x00000000c0000000, 0x0000000100000000)
  region size 1024K, 1 young (1024K), 0 survivors (0K)
 Metaspace       used 47694K, committed 48384K, reserved 1114112K
  class space    used 6137K, committed 6400K, reserved 1048576K
}
Event: 696.058 GC heap after
{Heap after GC invocations=75 (full 65):
 garbage-first heap   total 89088K, used 25986K [0x00000000c0000000, 0x0000000100000000)
  region size 1024K, 0 young (0K), 0 survivors (0K)
 Metaspace       used 47694K, committed 48384K, reserved 1114112K
  class space    used 6137K, committed 6400K, reserved 1048576K
}

