# JRE version: OpenJDK Runtime Environment Temurin-17.0.10+7 (17.0.10+7) (build 17.0.10+7)
# Java VM: OpenJDK 64-Bit Server VM Temurin-17.0.10+7 (17.0.10+7, mixed mode, tiered, compressed oops, compressed class ptrs, parallel gc, windows-amd64)
GC Precious Log:
 CPUs: 12 total, 12 available
 Memory: 7878M
 Large Page Support: Disabled
 NUMA Support: Disabled
 Compressed Oops: Enabled (32-bit)
 Alignments: Space 512K, Generation 512K, Heap 2M
 Heap Min Capacity: 100M
 Heap Initial Capacity: 100M
 Heap Max Capacity: 1G
 Pre-touch: Disabled
 Parallel Workers: 10
Heap:
 PSYoungGen      total 11776K, used 9741K [0x00000000eab00000, 0x00000000ebb00000, 0x0000000100000000)
  eden space 7680K, 76% used [0x00000000eab00000,0x00000000eb0b73e8,0x00000000eb280000)
  from space 4096K, 94% used [0x00000000eb700000,0x00000000ebacc270,0x00000000ebb00000)
  to   space 4096K, 0% used [0x00000000eb280000,0x00000000eb280000,0x00000000eb680000)
 ParOldGen       total 143360K, used 121795K [0x00000000c0000000, 0x00000000c8c00000, 0x00000000eab00000)
  object space 143360K, 84% used [0x00000000c0000000,0x00000000c76f0d40,0x00000000c8c00000)
 Metaspace       used 69154K, committed 70400K, reserved 1114112K
  class space    used 7348K, committed 7872K, reserved 1048576K
GC Heap History (20 events):
Event: 11.542 GC heap before
{Heap before GC invocations=76 (full 5):
 PSYoungGen      total 8704K, used 8700K [0x00000000eab00000, 0x00000000ecd00000, 0x0000000100000000)
  eden space 4096K, 99% used [0x00000000eab00000,0x00000000eaefffb8,0x00000000eaf00000)
  from space 4608K, 99% used [0x00000000eba80000,0x00000000ebeff350,0x00000000ebf00000)
  to   space 11776K, 0% used [0x00000000eaf00000,0x00000000eaf00000,0x00000000eba80000)
 ParOldGen       total 143360K, used 113773K [0x00000000c0000000, 0x00000000c8c00000, 0x00000000eab00000)
  object space 143360K, 79% used [0x00000000c0000000,0x00000000c6f1b5d0,0x00000000c8c00000)
 Metaspace       used 67463K, committed 68736K, reserved 1114112K
  class space    used 7193K, committed 7680K, reserved 1048576K
}
Event: 11.550 GC heap after
{Heap after GC invocations=76 (full 5):
 PSYoungGen      total 7680K, used 3277K [0x00000000eab00000, 0x00000000ebb80000, 0x0000000100000000)
  eden space 4096K, 0% used [0x00000000eab00000,0x00000000eab00000,0x00000000eaf00000)
  from space 3584K, 91% used [0x00000000eaf00000,0x00000000eb2335e8,0x00000000eb280000)
  to   space 6144K, 0% used [0x00000000eb580000,0x00000000eb580000,0x00000000ebb80000)
 ParOldGen       total 143360K, used 115816K [0x00000000c0000000, 0x00000000c8c00000, 0x00000000eab00000)
  object space 143360K, 80% used [0x00000000c0000000,0x00000000c711a3b8,0x00000000c8c00000)
 Metaspace       used 67463K, committed 68736K, reserved 1114112K
  class space    used 7193K, committed 7680K, reserved 1048576K
}
Event: 11.572 GC heap before
{Heap before GC invocations=77 (full 5):
 PSYoungGen      total 7680K, used 7228K [0x00000000eab00000, 0x00000000ebb80000, 0x0000000100000000)
  eden space 4096K, 96% used [0x00000000eab00000,0x00000000eaedbd60,0x00000000eaf00000)
  from space 3584K, 91% used [0x00000000eaf00000,0x00000000eb2335e8,0x00000000eb280000)
  to   space 6144K, 0% used [0x00000000eb580000,0x00000000eb580000,0x00000000ebb80000)
 ParOldGen       total 143360K, used 115816K [0x00000000c0000000, 0x00000000c8c00000, 0x00000000eab00000)
  object space 143360K, 80% used [0x00000000c0000000,0x00000000c711a3b8,0x00000000c8c00000)
 Metaspace       used 67481K, committed 68736K, reserved 1114112K
  class space    used 7195K, committed 7680K, reserved 1048576K
}
Event: 11.576 GC heap after
{Heap after GC invocations=77 (full 5):
 PSYoungGen      total 8192K, used 3540K [0x00000000eab00000, 0x00000000eb900000, 0x0000000100000000)
  eden space 4608K, 0% used [0x00000000eab00000,0x00000000eab00000,0x00000000eaf80000)
  from space 3584K, 98% used [0x00000000eb580000,0x00000000eb8f5190,0x00000000eb900000)
  to   space 4096K, 0% used [0x00000000eb100000,0x00000000eb100000,0x00000000eb500000)
 ParOldGen       total 143360K, used 115824K [0x00000000c0000000, 0x00000000c8c00000, 0x00000000eab00000)
  object space 143360K, 80% used [0x00000000c0000000,0x00000000c711c3b8,0x00000000c8c00000)
 Metaspace       used 67481K, committed 68736K, reserved 1114112K
  class space    used 7195K, committed 7680K, reserved 1048576K
}
Event: 11.597 GC heap before
{Heap before GC invocations=78 (full 5):
 PSYoungGen      total 8192K, used 8148K [0x00000000eab00000, 0x00000000eb900000, 0x0000000100000000)
  eden space 4608K, 100% used [0x00000000eab00000,0x00000000eaf80000,0x00000000eaf80000)
  from space 3584K, 98% used [0x00000000eb580000,0x00000000eb8f5190,0x00000000eb900000)
  to   space 4096K, 0% used [0x00000000eb100000,0x00000000eb100000,0x00000000eb500000)
 ParOldGen       total 143360K, used 115824K [0x00000000c0000000, 0x00000000c8c00000, 0x00000000eab00000)
  object space 143360K, 80% used [0x00000000c0000000,0x00000000c711c3b8,0x00000000c8c00000)
 Metaspace       used 67492K, committed 68736K, reserved 1114112K
  class space    used 7196K, committed 7680K, reserved 1048576K
}
Event: 11.601 GC heap after
{Heap after GC invocations=78 (full 5):
 PSYoungGen      total 9216K, used 3732K [0x00000000eab00000, 0x00000000eb800000, 0x0000000100000000)
  eden space 5120K, 0% used [0x00000000eab00000,0x00000000eab00000,0x00000000eb000000)
  from space 4096K, 91% used [0x00000000eb100000,0x00000000eb4a51b0,0x00000000eb500000)
  to   space 3072K, 0% used [0x00000000eb500000,0x00000000eb500000,0x00000000eb800000)
 ParOldGen       total 143360K, used 115824K [0x00000000c0000000, 0x00000000c8c00000, 0x00000000eab00000)
  object space 143360K, 80% used [0x00000000c0000000,0x00000000c711c3b8,0x00000000c8c00000)
 Metaspace       used 67492K, committed 68736K, reserved 1114112K
  class space    used 7196K, committed 7680K, reserved 1048576K
}
Event: 11.642 GC heap before
{Heap before GC invocations=79 (full 5):
 PSYoungGen      total 9216K, used 8852K [0x00000000eab00000, 0x00000000eb800000, 0x0000000100000000)
  eden space 5120K, 100% used [0x00000000eab00000,0x00000000eb000000,0x00000000eb000000)
  from space 4096K, 91% used [0x00000000eb100000,0x00000000eb4a51b0,0x00000000eb500000)
  to   space 3072K, 0% used [0x00000000eb500000,0x00000000eb500000,0x00000000eb800000)
 ParOldGen       total 143360K, used 115824K [0x00000000c0000000, 0x00000000c8c00000, 0x00000000eab00000)
  object space 143360K, 80% used [0x00000000c0000000,0x00000000c711c3b8,0x00000000c8c00000)
 Metaspace       used 67507K, committed 68736K, reserved 1114112K
  class space    used 7197K, committed 7680K, reserved 1048576K
}
Event: 11.648 GC heap after
{Heap after GC invocations=79 (full 5):
 PSYoungGen      total 8704K, used 3044K [0x00000000eab00000, 0x00000000eb880000, 0x0000000100000000)
  eden space 5632K, 0% used [0x00000000eab00000,0x00000000eab00000,0x00000000eb080000)
  from space 3072K, 99% used [0x00000000eb500000,0x00000000eb7f91a0,0x00000000eb800000)
  to   space 4096K, 0% used [0x00000000eb080000,0x00000000eb080000,0x00000000eb480000)
 ParOldGen       total 143360K, used 116720K [0x00000000c0000000, 0x00000000c8c00000, 0x00000000eab00000)
  object space 143360K, 81% used [0x00000000c0000000,0x00000000c71fc3d8,0x00000000c8c00000)
 Metaspace       used 67507K, committed 68736K, reserved 1114112K
  class space    used 7197K, committed 7680K, reserved 1048576K
}
Event: 11.679 GC heap before
{Heap before GC invocations=80 (full 5):
 PSYoungGen      total 8704K, used 8676K [0x00000000eab00000, 0x00000000eb880000, 0x0000000100000000)
  eden space 5632K, 100% used [0x00000000eab00000,0x00000000eb080000,0x00000000eb080000)
  from space 3072K, 99% used [0x00000000eb500000,0x00000000eb7f91a0,0x00000000eb800000)
  to   space 4096K, 0% used [0x00000000eb080000,0x00000000eb080000,0x00000000eb480000)
 ParOldGen       total 143360K, used 116720K [0x00000000c0000000, 0x00000000c8c00000, 0x00000000eab00000)
  object space 143360K, 81% used [0x00000000c0000000,0x00000000c71fc3d8,0x00000000c8c00000)
 Metaspace       used 67610K, committed 68864K, reserved 1114112K
  class space    used 7210K, committed 7680K, reserved 1048576K
}
Event: 11.683 GC heap after
{Heap after GC invocations=80 (full 5):
 PSYoungGen      total 7168K, used 1392K [0x00000000eab00000, 0x00000000eb680000, 0x0000000100000000)
  eden space 5632K, 0% used [0x00000000eab00000,0x00000000eab00000,0x00000000eb080000)
  from space 1536K, 90% used [0x00000000eb080000,0x00000000eb1dc028,0x00000000eb200000)
  to   space 2560K, 0% used [0x00000000eb400000,0x00000000eb400000,0x00000000eb680000)
 ParOldGen       total 143360K, used 119059K [0x00000000c0000000, 0x00000000c8c00000, 0x00000000eab00000)
  object space 143360K, 83% used [0x00000000c0000000,0x00000000c7444e40,0x00000000c8c00000)
 Metaspace       used 67610K, committed 68864K, reserved 1114112K
  class space    used 7210K, committed 7680K, reserved 1048576K
}
Event: 11.806 GC heap before
{Heap before GC invocations=81 (full 5):
 PSYoungGen      total 7168K, used 7024K [0x00000000eab00000, 0x00000000eb680000, 0x0000000100000000)
  eden space 5632K, 100% used [0x00000000eab00000,0x00000000eb080000,0x00000000eb080000)
  from space 1536K, 90% used [0x00000000eb080000,0x00000000eb1dc028,0x00000000eb200000)
  to   space 2560K, 0% used [0x00000000eb400000,0x00000000eb400000,0x00000000eb680000)
 ParOldGen       total 143360K, used 119059K [0x00000000c0000000, 0x00000000c8c00000, 0x00000000eab00000)
  object space 143360K, 83% used [0x00000000c0000000,0x00000000c7444e40,0x00000000c8c00000)
 Metaspace       used 67900K, committed 69184K, reserved 1114112K
  class space    used 7246K, committed 7744K, reserved 1048576K
}
Event: 11.809 GC heap after
{Heap after GC invocations=81 (full 5):
 PSYoungGen      total 8704K, used 2537K [0x00000000eab00000, 0x00000000eb780000, 0x0000000100000000)
  eden space 6144K, 0% used [0x00000000eab00000,0x00000000eab00000,0x00000000eb100000)
  from space 2560K, 99% used [0x00000000eb400000,0x00000000eb67a778,0x00000000eb680000)
  to   space 3072K, 0% used [0x00000000eb100000,0x00000000eb100000,0x00000000eb400000)
 ParOldGen       total 143360K, used 119083K [0x00000000c0000000, 0x00000000c8c00000, 0x00000000eab00000)
  object space 143360K, 83% used [0x00000000c0000000,0x00000000c744ae40,0x00000000c8c00000)
 Metaspace       used 67900K, committed 69184K, reserved 1114112K
  class space    used 7246K, committed 7744K, reserved 1048576K
}
Event: 11.842 GC heap before
{Heap before GC invocations=82 (full 5):
 PSYoungGen      total 8704K, used 8681K [0x00000000eab00000, 0x00000000eb780000, 0x0000000100000000)
  eden space 6144K, 100% used [0x00000000eab00000,0x00000000eb100000,0x00000000eb100000)
  from space 2560K, 99% used [0x00000000eb400000,0x00000000eb67a778,0x00000000eb680000)
  to   space 3072K, 0% used [0x00000000eb100000,0x00000000eb100000,0x00000000eb400000)
 ParOldGen       total 143360K, used 119083K [0x00000000c0000000, 0x00000000c8c00000, 0x00000000eab00000)
  object space 143360K, 83% used [0x00000000c0000000,0x00000000c744ae40,0x00000000c8c00000)
 Metaspace       used 67944K, committed 69184K, reserved 1114112K
  class space    used 7246K, committed 7744K, reserved 1048576K
}
Event: 11.845 GC heap after
{Heap after GC invocations=82 (full 5):
 PSYoungGen      total 9216K, used 3049K [0x00000000eab00000, 0x00000000ebb00000, 0x0000000100000000)
  eden space 6144K, 0% used [0x00000000eab00000,0x00000000eab00000,0x00000000eb100000)
  from space 3072K, 99% used [0x00000000eb100000,0x00000000eb3fa768,0x00000000eb400000)
  to   space 4608K, 0% used [0x00000000eb680000,0x00000000eb680000,0x00000000ebb00000)
 ParOldGen       total 143360K, used 120001K [0x00000000c0000000, 0x00000000c8c00000, 0x00000000eab00000)
  object space 143360K, 83% used [0x00000000c0000000,0x00000000c75305d8,0x00000000c8c00000)
 Metaspace       used 67944K, committed 69184K, reserved 1114112K
  class space    used 7246K, committed 7744K, reserved 1048576K
}
Event: 11.909 GC heap before
{Heap before GC invocations=83 (full 5):
 PSYoungGen      total 9216K, used 9193K [0x00000000eab00000, 0x00000000ebb00000, 0x0000000100000000)
  eden space 6144K, 100% used [0x00000000eab00000,0x00000000eb100000,0x00000000eb100000)
  from space 3072K, 99% used [0x00000000eb100000,0x00000000eb3fa768,0x00000000eb400000)
  to   space 4608K, 0% used [0x00000000eb680000,0x00000000eb680000,0x00000000ebb00000)
 ParOldGen       total 143360K, used 120001K [0x00000000c0000000, 0x00000000c8c00000, 0x00000000eab00000)
  object space 143360K, 83% used [0x00000000c0000000,0x00000000c75305d8,0x00000000c8c00000)
 Metaspace       used 68205K, committed 69440K, reserved 1114112K
  class space    used 7266K, committed 7744K, reserved 1048576K
}
Event: 11.914 GC heap after
{Heap after GC invocations=83 (full 5):
 PSYoungGen      total 11264K, used 3716K [0x00000000eab00000, 0x00000000eba80000, 0x0000000100000000)
  eden space 7168K, 0% used [0x00000000eab00000,0x00000000eab00000,0x00000000eb200000)
  from space 4096K, 90% used [0x00000000eb680000,0x00000000eba21238,0x00000000eba80000)
  to   space 4096K, 0% used [0x00000000eb280000,0x00000000eb280000,0x00000000eb680000)
 ParOldGen       total 143360K, used 120305K [0x00000000c0000000, 0x00000000c8c00000, 0x00000000eab00000)
  object space 143360K, 83% used [0x00000000c0000000,0x00000000c757c5d8,0x00000000c8c00000)
 Metaspace       used 68205K, committed 69440K, reserved 1114112K
  class space    used 7266K, committed 7744K, reserved 1048576K
}
Event: 12.066 GC heap before
{Heap before GC invocations=84 (full 5):
 PSYoungGen      total 11264K, used 10884K [0x00000000eab00000, 0x00000000eba80000, 0x0000000100000000)
  eden space 7168K, 100% used [0x00000000eab00000,0x00000000eb200000,0x00000000eb200000)
  from space 4096K, 90% used [0x00000000eb680000,0x00000000eba21238,0x00000000eba80000)
  to   space 4096K, 0% used [0x00000000eb280000,0x00000000eb280000,0x00000000eb680000)
 ParOldGen       total 143360K, used 120305K [0x00000000c0000000, 0x00000000c8c00000, 0x00000000eab00000)
  object space 143360K, 83% used [0x00000000c0000000,0x00000000c757c5d8,0x00000000c8c00000)
 Metaspace       used 68852K, committed 70144K, reserved 1114112K
  class space    used 7324K, committed 7872K, reserved 1048576K
}
Event: 12.069 GC heap after
{Heap after GC invocations=84 (full 5):
 PSYoungGen      total 11776K, used 4066K [0x00000000eab00000, 0x00000000ebb80000, 0x0000000100000000)
  eden space 7680K, 0% used [0x00000000eab00000,0x00000000eab00000,0x00000000eb280000)
  from space 4096K, 99% used [0x00000000eb280000,0x00000000eb678a18,0x00000000eb680000)
  to   space 4608K, 0% used [0x00000000eb700000,0x00000000eb700000,0x00000000ebb80000)
 ParOldGen       total 143360K, used 120385K [0x00000000c0000000, 0x00000000c8c00000, 0x00000000eab00000)
  object space 143360K, 83% used [0x00000000c0000000,0x00000000c75905d8,0x00000000c8c00000)
 Metaspace       used 68852K, committed 70144K, reserved 1114112K
  class space    used 7324K, committed 7872K, reserved 1048576K
}
Event: 12.130 GC heap before
{Heap before GC invocations=85 (full 5):
 PSYoungGen      total 11776K, used 11691K [0x00000000eab00000, 0x00000000ebb80000, 0x0000000100000000)
  eden space 7680K, 99% used [0x00000000eab00000,0x00000000eb272498,0x00000000eb280000)
  from space 4096K, 99% used [0x00000000eb280000,0x00000000eb678a18,0x00000000eb680000)
  to   space 4608K, 0% used [0x00000000eb700000,0x00000000eb700000,0x00000000ebb80000)
 ParOldGen       total 143360K, used 120385K [0x00000000c0000000, 0x00000000c8c00000, 0x00000000eab00000)
  object space 143360K, 83% used [0x00000000c0000000,0x00000000c75905d8,0x00000000c8c00000)
 Metaspace       used 69069K, committed 70336K, reserved 1114112K
  class space    used 7343K, committed 7872K, reserved 1048576K
}
Event: 12.133 GC heap after
{Heap after GC invocations=85 (full 5):
 PSYoungGen      total 11776K, used 3888K [0x00000000eab00000, 0x00000000ebb00000, 0x0000000100000000)
  eden space 7680K, 0% used [0x00000000eab00000,0x00000000eab00000,0x00000000eb280000)
  from space 4096K, 94% used [0x00000000eb700000,0x00000000ebacc270,0x00000000ebb00000)
  to   space 4096K, 0% used [0x00000000eb280000,0x00000000eb280000,0x00000000eb680000)
 ParOldGen       total 143360K, used 121795K [0x00000000c0000000, 0x00000000c8c00000, 0x00000000eab00000)
  object space 143360K, 84% used [0x00000000c0000000,0x00000000c76f0d40,0x00000000c8c00000)
 Metaspace       used 69069K, committed 70336K, reserved 1114112K
  class space    used 7343K, committed 7872K, reserved 1048576K
}

