# JRE version: OpenJDK Runtime Environment Temurin-17.0.10+7 (17.0.10+7) (build 17.0.10+7)
# Java VM: OpenJDK 64-Bit Server VM Temurin-17.0.10+7 (17.0.10+7, mixed mode, tiered, compressed oops, compressed class ptrs, parallel gc, windows-amd64)
GC Precious Log:
 CPUs: 12 total, 12 available
 Memory: 7878M
 Large Page Support: Disabled
 NUMA Support: Disabled
 Compressed Oops: Enabled (32-bit)
 Alignments: Space 512K, Generation 512K, Heap 2M
 Heap Min Capacity: 100M
 Heap Initial Capacity: 100M
 Heap Max Capacity: 1G
 Pre-touch: Disabled
 Parallel Workers: 10
Heap:
 PSYoungGen      total 18944K, used 16505K [0x00000000eab00000, 0x00000000ec080000, 0x0000000100000000)
  eden space 17920K, 88% used [0x00000000eab00000,0x00000000eba84728,0x00000000ebc80000)
  from space 1024K, 60% used [0x00000000ebf80000,0x00000000ec019f50,0x00000000ec080000)
  to   space 1024K, 0% used [0x00000000ebc80000,0x00000000ebc80000,0x00000000ebd80000)
 ParOldGen       total 68608K, used 29810K [0x00000000c0000000, 0x00000000c4300000, 0x00000000eab00000)
  object space 68608K, 43% used [0x00000000c0000000,0x00000000c1d1c818,0x00000000c4300000)
 Metaspace       used 43978K, committed 44800K, reserved 1114112K
  class space    used 4454K, committed 4864K, reserved 1048576K
GC Heap History (20 events):
Event: 5.407 GC heap before
{Heap before GC invocations=13 (full 2):
 PSYoungGen      total 25600K, used 25355K [0x00000000eab00000, 0x00000000ec880000, 0x0000000100000000)
  eden space 23040K, 100% used [0x00000000eab00000,0x00000000ec180000,0x00000000ec180000)
  from space 2560K, 90% used [0x00000000ec600000,0x00000000ec842ed0,0x00000000ec880000)
  to   space 3072K, 0% used [0x00000000ec280000,0x00000000ec280000,0x00000000ec580000)
 ParOldGen       total 68608K, used 12404K [0x00000000c0000000, 0x00000000c4300000, 0x00000000eab00000)
  object space 68608K, 18% used [0x00000000c0000000,0x00000000c0c1d3a8,0x00000000c4300000)
 Metaspace       used 37464K, committed 38144K, reserved 1114112K
  class space    used 3785K, committed 4096K, reserved 1048576K
}
Event: 5.410 GC heap after
{Heap after GC invocations=13 (full 2):
 PSYoungGen      total 24576K, used 2016K [0x00000000eab00000, 0x00000000ec680000, 0x0000000100000000)
  eden space 22528K, 0% used [0x00000000eab00000,0x00000000eab00000,0x00000000ec100000)
  from space 2048K, 98% used [0x00000000ec280000,0x00000000ec478010,0x00000000ec480000)
  to   space 2048K, 0% used [0x00000000ec480000,0x00000000ec480000,0x00000000ec680000)
 ParOldGen       total 68608K, used 14550K [0x00000000c0000000, 0x00000000c4300000, 0x00000000eab00000)
  object space 68608K, 21% used [0x00000000c0000000,0x00000000c0e358e0,0x00000000c4300000)
 Metaspace       used 37464K, committed 38144K, reserved 1114112K
  class space    used 3785K, committed 4096K, reserved 1048576K
}
Event: 5.460 GC heap before
{Heap before GC invocations=14 (full 2):
 PSYoungGen      total 24576K, used 24544K [0x00000000eab00000, 0x00000000ec680000, 0x0000000100000000)
  eden space 22528K, 100% used [0x00000000eab00000,0x00000000ec100000,0x00000000ec100000)
  from space 2048K, 98% used [0x00000000ec280000,0x00000000ec478010,0x00000000ec480000)
  to   space 2048K, 0% used [0x00000000ec480000,0x00000000ec480000,0x00000000ec680000)
 ParOldGen       total 68608K, used 14550K [0x00000000c0000000, 0x00000000c4300000, 0x00000000eab00000)
  object space 68608K, 21% used [0x00000000c0000000,0x00000000c0e358e0,0x00000000c4300000)
 Metaspace       used 37559K, committed 38272K, reserved 1114112K
  class space    used 3798K, committed 4096K, reserved 1048576K
}
Event: 5.463 GC heap after
{Heap after GC invocations=14 (full 2):
 PSYoungGen      total 23552K, used 2016K [0x00000000eab00000, 0x00000000ec980000, 0x0000000100000000)
  eden space 21504K, 0% used [0x00000000eab00000,0x00000000eab00000,0x00000000ec000000)
  from space 2048K, 98% used [0x00000000ec480000,0x00000000ec678010,0x00000000ec680000)
  to   space 4608K, 0% used [0x00000000ec000000,0x00000000ec000000,0x00000000ec480000)
 ParOldGen       total 68608K, used 16406K [0x00000000c0000000, 0x00000000c4300000, 0x00000000eab00000)
  object space 68608K, 23% used [0x00000000c0000000,0x00000000c10058e0,0x00000000c4300000)
 Metaspace       used 37559K, committed 38272K, reserved 1114112K
  class space    used 3798K, committed 4096K, reserved 1048576K
}
Event: 5.489 GC heap before
{Heap before GC invocations=15 (full 2):
 PSYoungGen      total 23552K, used 23520K [0x00000000eab00000, 0x00000000ec980000, 0x0000000100000000)
  eden space 21504K, 100% used [0x00000000eab00000,0x00000000ec000000,0x00000000ec000000)
  from space 2048K, 98% used [0x00000000ec480000,0x00000000ec678010,0x00000000ec680000)
  to   space 4608K, 0% used [0x00000000ec000000,0x00000000ec000000,0x00000000ec480000)
 ParOldGen       total 68608K, used 16406K [0x00000000c0000000, 0x00000000c4300000, 0x00000000eab00000)
  object space 68608K, 23% used [0x00000000c0000000,0x00000000c10058e0,0x00000000c4300000)
 Metaspace       used 37565K, committed 38336K, reserved 1114112K
  class space    used 3798K, committed 4096K, reserved 1048576K
}
Event: 5.491 GC heap after
{Heap after GC invocations=15 (full 2):
 PSYoungGen      total 23552K, used 1984K [0x00000000eab00000, 0x00000000ec600000, 0x0000000100000000)
  eden space 21504K, 0% used [0x00000000eab00000,0x00000000eab00000,0x00000000ec000000)
  from space 2048K, 96% used [0x00000000ec000000,0x00000000ec1f0000,0x00000000ec200000)
  to   space 3072K, 0% used [0x00000000ec300000,0x00000000ec300000,0x00000000ec600000)
 ParOldGen       total 68608K, used 18352K [0x00000000c0000000, 0x00000000c4300000, 0x00000000eab00000)
  object space 68608K, 26% used [0x00000000c0000000,0x00000000c11ec3c8,0x00000000c4300000)
 Metaspace       used 37565K, committed 38336K, reserved 1114112K
  class space    used 3798K, committed 4096K, reserved 1048576K
}
Event: 5.519 GC heap before
{Heap before GC invocations=16 (full 2):
 PSYoungGen      total 23552K, used 23488K [0x00000000eab00000, 0x00000000ec600000, 0x0000000100000000)
  eden space 21504K, 100% used [0x00000000eab00000,0x00000000ec000000,0x00000000ec000000)
  from space 2048K, 96% used [0x00000000ec000000,0x00000000ec1f0000,0x00000000ec200000)
  to   space 3072K, 0% used [0x00000000ec300000,0x00000000ec300000,0x00000000ec600000)
 ParOldGen       total 68608K, used 18352K [0x00000000c0000000, 0x00000000c4300000, 0x00000000eab00000)
  object space 68608K, 26% used [0x00000000c0000000,0x00000000c11ec3c8,0x00000000c4300000)
 Metaspace       used 37565K, committed 38336K, reserved 1114112K
  class space    used 3798K, committed 4096K, reserved 1048576K
}
Event: 5.522 GC heap after
{Heap after GC invocations=16 (full 2):
 PSYoungGen      total 24064K, used 2176K [0x00000000eab00000, 0x00000000ec580000, 0x0000000100000000)
  eden space 21504K, 0% used [0x00000000eab00000,0x00000000eab00000,0x00000000ec000000)
  from space 2560K, 85% used [0x00000000ec300000,0x00000000ec520000,0x00000000ec580000)
  to   space 2560K, 0% used [0x00000000ec080000,0x00000000ec080000,0x00000000ec300000)
 ParOldGen       total 68608K, used 20192K [0x00000000c0000000, 0x00000000c4300000, 0x00000000eab00000)
  object space 68608K, 29% used [0x00000000c0000000,0x00000000c13b83c8,0x00000000c4300000)
 Metaspace       used 37565K, committed 38336K, reserved 1114112K
  class space    used 3798K, committed 4096K, reserved 1048576K
}
Event: 5.545 GC heap before
{Heap before GC invocations=17 (full 2):
 PSYoungGen      total 24064K, used 23680K [0x00000000eab00000, 0x00000000ec580000, 0x0000000100000000)
  eden space 21504K, 100% used [0x00000000eab00000,0x00000000ec000000,0x00000000ec000000)
  from space 2560K, 85% used [0x00000000ec300000,0x00000000ec520000,0x00000000ec580000)
  to   space 2560K, 0% used [0x00000000ec080000,0x00000000ec080000,0x00000000ec300000)
 ParOldGen       total 68608K, used 20192K [0x00000000c0000000, 0x00000000c4300000, 0x00000000eab00000)
  object space 68608K, 29% used [0x00000000c0000000,0x00000000c13b83c8,0x00000000c4300000)
 Metaspace       used 37565K, committed 38336K, reserved 1114112K
  class space    used 3798K, committed 4096K, reserved 1048576K
}
Event: 5.549 GC heap after
{Heap after GC invocations=17 (full 2):
 PSYoungGen      total 24064K, used 2208K [0x00000000eab00000, 0x00000000ec500000, 0x0000000100000000)
  eden space 21504K, 0% used [0x00000000eab00000,0x00000000eab00000,0x00000000ec000000)
  from space 2560K, 86% used [0x00000000ec080000,0x00000000ec2a8010,0x00000000ec300000)
  to   space 2048K, 0% used [0x00000000ec300000,0x00000000ec300000,0x00000000ec500000)
 ParOldGen       total 68608K, used 22168K [0x00000000c0000000, 0x00000000c4300000, 0x00000000eab00000)
  object space 68608K, 32% used [0x00000000c0000000,0x00000000c15a63c8,0x00000000c4300000)
 Metaspace       used 37565K, committed 38336K, reserved 1114112K
  class space    used 3798K, committed 4096K, reserved 1048576K
}
Event: 5.690 GC heap before
{Heap before GC invocations=18 (full 2):
 PSYoungGen      total 24064K, used 23712K [0x00000000eab00000, 0x00000000ec500000, 0x0000000100000000)
  eden space 21504K, 100% used [0x00000000eab00000,0x00000000ec000000,0x00000000ec000000)
  from space 2560K, 86% used [0x00000000ec080000,0x00000000ec2a8010,0x00000000ec300000)
  to   space 2048K, 0% used [0x00000000ec300000,0x00000000ec300000,0x00000000ec500000)
 ParOldGen       total 68608K, used 22168K [0x00000000c0000000, 0x00000000c4300000, 0x00000000eab00000)
  object space 68608K, 32% used [0x00000000c0000000,0x00000000c15a63c8,0x00000000c4300000)
 Metaspace       used 38388K, committed 39040K, reserved 1114112K
  class space    used 3900K, committed 4160K, reserved 1048576K
}
Event: 5.696 GC heap after
{Heap after GC invocations=18 (full 2):
 PSYoungGen      total 19968K, used 2020K [0x00000000eab00000, 0x00000000ecd00000, 0x0000000100000000)
  eden space 17920K, 0% used [0x00000000eab00000,0x00000000eab00000,0x00000000ebc80000)
  from space 2048K, 98% used [0x00000000ec300000,0x00000000ec4f9000,0x00000000ec500000)
  to   space 6656K, 0% used [0x00000000ebc80000,0x00000000ebc80000,0x00000000ec300000)
 ParOldGen       total 68608K, used 25952K [0x00000000c0000000, 0x00000000c4300000, 0x00000000eab00000)
  object space 68608K, 37% used [0x00000000c0000000,0x00000000c19583d8,0x00000000c4300000)
 Metaspace       used 38388K, committed 39040K, reserved 1114112K
  class space    used 3900K, committed 4160K, reserved 1048576K
}
Event: 5.991 GC heap before
{Heap before GC invocations=19 (full 2):
 PSYoungGen      total 19968K, used 19927K [0x00000000eab00000, 0x00000000ecd00000, 0x0000000100000000)
  eden space 17920K, 99% used [0x00000000eab00000,0x00000000ebc7cca8,0x00000000ebc80000)
  from space 2048K, 98% used [0x00000000ec300000,0x00000000ec4f9000,0x00000000ec500000)
  to   space 6656K, 0% used [0x00000000ebc80000,0x00000000ebc80000,0x00000000ec300000)
 ParOldGen       total 68608K, used 25952K [0x00000000c0000000, 0x00000000c4300000, 0x00000000eab00000)
  object space 68608K, 37% used [0x00000000c0000000,0x00000000c19583d8,0x00000000c4300000)
 Metaspace       used 40357K, committed 41088K, reserved 1114112K
  class space    used 4119K, committed 4416K, reserved 1048576K
}
Event: 5.994 GC heap after
{Heap after GC invocations=19 (full 2):
 PSYoungGen      total 18944K, used 856K [0x00000000eab00000, 0x00000000ec380000, 0x0000000100000000)
  eden space 17920K, 0% used [0x00000000eab00000,0x00000000eab00000,0x00000000ebc80000)
  from space 1024K, 83% used [0x00000000ebc80000,0x00000000ebd56230,0x00000000ebd80000)
  to   space 3072K, 0% used [0x00000000ec080000,0x00000000ec080000,0x00000000ec380000)
 ParOldGen       total 68608K, used 27892K [0x00000000c0000000, 0x00000000c4300000, 0x00000000eab00000)
  object space 68608K, 40% used [0x00000000c0000000,0x00000000c1b3d3d8,0x00000000c4300000)
 Metaspace       used 40357K, committed 41088K, reserved 1114112K
  class space    used 4119K, committed 4416K, reserved 1048576K
}
Event: 6.257 GC heap before
{Heap before GC invocations=20 (full 2):
 PSYoungGen      total 18944K, used 18776K [0x00000000eab00000, 0x00000000ec380000, 0x0000000100000000)
  eden space 17920K, 100% used [0x00000000eab00000,0x00000000ebc80000,0x00000000ebc80000)
  from space 1024K, 83% used [0x00000000ebc80000,0x00000000ebd56230,0x00000000ebd80000)
  to   space 3072K, 0% used [0x00000000ec080000,0x00000000ec080000,0x00000000ec380000)
 ParOldGen       total 68608K, used 27892K [0x00000000c0000000, 0x00000000c4300000, 0x00000000eab00000)
  object space 68608K, 40% used [0x00000000c0000000,0x00000000c1b3d3d8,0x00000000c4300000)
 Metaspace       used 41256K, committed 41984K, reserved 1114112K
  class space    used 4215K, committed 4480K, reserved 1048576K
}
Event: 6.259 GC heap after
{Heap after GC invocations=20 (full 2):
 PSYoungGen      total 18944K, used 560K [0x00000000eab00000, 0x00000000ec180000, 0x0000000100000000)
  eden space 17920K, 0% used [0x00000000eab00000,0x00000000eab00000,0x00000000ebc80000)
  from space 1024K, 54% used [0x00000000ec080000,0x00000000ec10c288,0x00000000ec180000)
  to   space 1024K, 0% used [0x00000000ebc80000,0x00000000ebc80000,0x00000000ebd80000)
 ParOldGen       total 68608K, used 28653K [0x00000000c0000000, 0x00000000c4300000, 0x00000000eab00000)
  object space 68608K, 41% used [0x00000000c0000000,0x00000000c1bfb718,0x00000000c4300000)
 Metaspace       used 41256K, committed 41984K, reserved 1114112K
  class space    used 4215K, committed 4480K, reserved 1048576K
}
Event: 6.462 GC heap before
{Heap before GC invocations=21 (full 2):
 PSYoungGen      total 18944K, used 18480K [0x00000000eab00000, 0x00000000ec180000, 0x0000000100000000)
  eden space 17920K, 100% used [0x00000000eab00000,0x00000000ebc80000,0x00000000ebc80000)
  from space 1024K, 54% used [0x00000000ec080000,0x00000000ec10c288,0x00000000ec180000)
  to   space 1024K, 0% used [0x00000000ebc80000,0x00000000ebc80000,0x00000000ebd80000)
 ParOldGen       total 68608K, used 28653K [0x00000000c0000000, 0x00000000c4300000, 0x00000000eab00000)
  object space 68608K, 41% used [0x00000000c0000000,0x00000000c1bfb718,0x00000000c4300000)
 Metaspace       used 42055K, committed 42880K, reserved 1114112K
  class space    used 4282K, committed 4672K, reserved 1048576K
}
Event: 6.463 GC heap after
{Heap after GC invocations=21 (full 2):
 PSYoungGen      total 18944K, used 995K [0x00000000eab00000, 0x00000000ec100000, 0x0000000100000000)
  eden space 17920K, 0% used [0x00000000eab00000,0x00000000eab00000,0x00000000ebc80000)
  from space 1024K, 97% used [0x00000000ebc80000,0x00000000ebd78c60,0x00000000ebd80000)
  to   space 1536K, 0% used [0x00000000ebf80000,0x00000000ebf80000,0x00000000ec100000)
 ParOldGen       total 68608K, used 28949K [0x00000000c0000000, 0x00000000c4300000, 0x00000000eab00000)
  object space 68608K, 42% used [0x00000000c0000000,0x00000000c1c45718,0x00000000c4300000)
 Metaspace       used 42055K, committed 42880K, reserved 1114112K
  class space    used 4282K, committed 4672K, reserved 1048576K
}
Event: 6.508 GC heap before
{Heap before GC invocations=22 (full 2):
 PSYoungGen      total 18944K, used 18915K [0x00000000eab00000, 0x00000000ec100000, 0x0000000100000000)
  eden space 17920K, 100% used [0x00000000eab00000,0x00000000ebc80000,0x00000000ebc80000)
  from space 1024K, 97% used [0x00000000ebc80000,0x00000000ebd78c60,0x00000000ebd80000)
  to   space 1536K, 0% used [0x00000000ebf80000,0x00000000ebf80000,0x00000000ec100000)
 ParOldGen       total 68608K, used 28949K [0x00000000c0000000, 0x00000000c4300000, 0x00000000eab00000)
  object space 68608K, 42% used [0x00000000c0000000,0x00000000c1c45718,0x00000000c4300000)
 Metaspace       used 42074K, committed 42880K, reserved 1114112K
  class space    used 4282K, committed 4672K, reserved 1048576K
}
Event: 6.509 GC heap after
{Heap after GC invocations=22 (full 2):
 PSYoungGen      total 18944K, used 615K [0x00000000eab00000, 0x00000000ec080000, 0x0000000100000000)
  eden space 17920K, 0% used [0x00000000eab00000,0x00000000eab00000,0x00000000ebc80000)
  from space 1024K, 60% used [0x00000000ebf80000,0x00000000ec019f50,0x00000000ec080000)
  to   space 1024K, 0% used [0x00000000ebc80000,0x00000000ebc80000,0x00000000ebd80000)
 ParOldGen       total 68608K, used 29810K [0x00000000c0000000, 0x00000000c4300000, 0x00000000eab00000)
  object space 68608K, 43% used [0x00000000c0000000,0x00000000c1d1c818,0x00000000c4300000)
 Metaspace       used 42074K, committed 42880K, reserved 1114112K
  class space    used 4282K, committed 4672K, reserved 1048576K
}

