# JRE version: OpenJDK Runtime Environment Temurin-17.0.10+7 (17.0.10+7) (build 17.0.10+7)
# Java VM: OpenJDK 64-Bit Server VM Temurin-17.0.10+7 (17.0.10+7, mixed mode, tiered, compressed oops, compressed class ptrs, parallel gc, windows-amd64)
GC Precious Log:
 CPUs: 12 total, 12 available
 Memory: 7878M
 Large Page Support: Disabled
 NUMA Support: Disabled
 Compressed Oops: Enabled (32-bit)
 Alignments: Space 512K, Generation 512K, Heap 2M
 Heap Min Capacity: 100M
 Heap Initial Capacity: 100M
 Heap Max Capacity: 1G
 Pre-touch: Disabled
 Parallel Workers: 10
Heap:
 PSYoungGen      total 19456K, used 12909K [0x00000000eab00000, 0x00000000ec580000, 0x0000000100000000)
  eden space 17920K, 63% used [0x00000000eab00000,0x00000000eb622148,0x00000000ebc80000)
  from space 1536K, 98% used [0x00000000ec000000,0x00000000ec1793e0,0x00000000ec180000)
  to   space 3584K, 0% used [0x00000000ebc80000,0x00000000ebc80000,0x00000000ec000000)
 ParOldGen       total 68608K, used 52752K [0x00000000c0000000, 0x00000000c4300000, 0x00000000eab00000)
  object space 68608K, 76% used [0x00000000c0000000,0x00000000c3384248,0x00000000c4300000)
 Metaspace       used 66181K, committed 67456K, reserved 1114112K
  class space    used 7003K, committed 7552K, reserved 1048576K
GC Heap History (20 events):
Event: 7.137 GC heap before
{Heap before GC invocations=34 (full 3):
 PSYoungGen      total 21504K, used 19968K [0x00000000eab00000, 0x00000000ec380000, 0x0000000100000000)
  eden space 19968K, 100% used [0x00000000eab00000,0x00000000ebe80000,0x00000000ebe80000)
  from space 1536K, 0% used [0x00000000ec200000,0x00000000ec200000,0x00000000ec380000)
  to   space 1536K, 0% used [0x00000000ec080000,0x00000000ec080000,0x00000000ec200000)
 ParOldGen       total 68608K, used 42665K [0x00000000c0000000, 0x00000000c4300000, 0x00000000eab00000)
  object space 68608K, 62% used [0x00000000c0000000,0x00000000c29aa758,0x00000000c4300000)
 Metaspace       used 59972K, committed 61120K, reserved 1114112K
  class space    used 6457K, committed 6976K, reserved 1048576K
}
Event: 7.138 GC heap after
{Heap after GC invocations=34 (full 3):
 PSYoungGen      total 20992K, used 960K [0x00000000eab00000, 0x00000000ec280000, 0x0000000100000000)
  eden space 19968K, 0% used [0x00000000eab00000,0x00000000eab00000,0x00000000ebe80000)
  from space 1024K, 93% used [0x00000000ec080000,0x00000000ec170000,0x00000000ec180000)
  to   space 1024K, 0% used [0x00000000ec180000,0x00000000ec180000,0x00000000ec280000)
 ParOldGen       total 68608K, used 42673K [0x00000000c0000000, 0x00000000c4300000, 0x00000000eab00000)
  object space 68608K, 62% used [0x00000000c0000000,0x00000000c29ac758,0x00000000c4300000)
 Metaspace       used 59972K, committed 61120K, reserved 1114112K
  class space    used 6457K, committed 6976K, reserved 1048576K
}
Event: 7.309 GC heap before
{Heap before GC invocations=35 (full 3):
 PSYoungGen      total 20992K, used 20928K [0x00000000eab00000, 0x00000000ec280000, 0x0000000100000000)
  eden space 19968K, 100% used [0x00000000eab00000,0x00000000ebe80000,0x00000000ebe80000)
  from space 1024K, 93% used [0x00000000ec080000,0x00000000ec170000,0x00000000ec180000)
  to   space 1024K, 0% used [0x00000000ec180000,0x00000000ec180000,0x00000000ec280000)
 ParOldGen       total 68608K, used 42673K [0x00000000c0000000, 0x00000000c4300000, 0x00000000eab00000)
  object space 68608K, 62% used [0x00000000c0000000,0x00000000c29ac758,0x00000000c4300000)
 Metaspace       used 61491K, committed 62720K, reserved 1114112K
  class space    used 6609K, committed 7168K, reserved 1048576K
}
Event: 7.311 GC heap after
{Heap after GC invocations=35 (full 3):
 PSYoungGen      total 20992K, used 1024K [0x00000000eab00000, 0x00000000ec380000, 0x0000000100000000)
  eden space 19968K, 0% used [0x00000000eab00000,0x00000000eab00000,0x00000000ebe80000)
  from space 1024K, 100% used [0x00000000ec180000,0x00000000ec280000,0x00000000ec280000)
  to   space 2560K, 0% used [0x00000000ebe80000,0x00000000ebe80000,0x00000000ec100000)
 ParOldGen       total 68608K, used 43612K [0x00000000c0000000, 0x00000000c4300000, 0x00000000eab00000)
  object space 68608K, 63% used [0x00000000c0000000,0x00000000c2a97148,0x00000000c4300000)
 Metaspace       used 61491K, committed 62720K, reserved 1114112K
  class space    used 6609K, committed 7168K, reserved 1048576K
}
Event: 7.371 GC heap before
{Heap before GC invocations=36 (full 3):
 PSYoungGen      total 20992K, used 20951K [0x00000000eab00000, 0x00000000ec380000, 0x0000000100000000)
  eden space 19968K, 99% used [0x00000000eab00000,0x00000000ebe75fa8,0x00000000ebe80000)
  from space 1024K, 100% used [0x00000000ec180000,0x00000000ec280000,0x00000000ec280000)
  to   space 2560K, 0% used [0x00000000ebe80000,0x00000000ebe80000,0x00000000ec100000)
 ParOldGen       total 68608K, used 43612K [0x00000000c0000000, 0x00000000c4300000, 0x00000000eab00000)
  object space 68608K, 63% used [0x00000000c0000000,0x00000000c2a97148,0x00000000c4300000)
 Metaspace       used 61928K, committed 63104K, reserved 1114112K
  class space    used 6645K, committed 7168K, reserved 1048576K
}
Event: 7.373 GC heap after
{Heap after GC invocations=36 (full 3):
 PSYoungGen      total 22528K, used 2533K [0x00000000eab00000, 0x00000000ec680000, 0x0000000100000000)
  eden space 19968K, 0% used [0x00000000eab00000,0x00000000eab00000,0x00000000ebe80000)
  from space 2560K, 98% used [0x00000000ebe80000,0x00000000ec0f94b0,0x00000000ec100000)
  to   space 4096K, 0% used [0x00000000ec280000,0x00000000ec280000,0x00000000ec680000)
 ParOldGen       total 68608K, used 44524K [0x00000000c0000000, 0x00000000c4300000, 0x00000000eab00000)
  object space 68608K, 64% used [0x00000000c0000000,0x00000000c2b7b2f8,0x00000000c4300000)
 Metaspace       used 61928K, committed 63104K, reserved 1114112K
  class space    used 6645K, committed 7168K, reserved 1048576K
}
Event: 7.445 GC heap before
{Heap before GC invocations=37 (full 3):
 PSYoungGen      total 22528K, used 22501K [0x00000000eab00000, 0x00000000ec680000, 0x0000000100000000)
  eden space 19968K, 100% used [0x00000000eab00000,0x00000000ebe80000,0x00000000ebe80000)
  from space 2560K, 98% used [0x00000000ebe80000,0x00000000ec0f94b0,0x00000000ec100000)
  to   space 4096K, 0% used [0x00000000ec280000,0x00000000ec280000,0x00000000ec680000)
 ParOldGen       total 68608K, used 44524K [0x00000000c0000000, 0x00000000c4300000, 0x00000000eab00000)
  object space 68608K, 64% used [0x00000000c0000000,0x00000000c2b7b2f8,0x00000000c4300000)
 Metaspace       used 62140K, committed 63296K, reserved 1114112K
  class space    used 6667K, committed 7168K, reserved 1048576K
}
Event: 7.446 GC heap after
{Heap after GC invocations=37 (full 3):
 PSYoungGen      total 20992K, used 775K [0x00000000eab00000, 0x00000000ec380000, 0x0000000100000000)
  eden space 19968K, 0% used [0x00000000eab00000,0x00000000eab00000,0x00000000ebe80000)
  from space 1024K, 75% used [0x00000000ec280000,0x00000000ec341f50,0x00000000ec380000)
  to   space 2048K, 0% used [0x00000000ebf80000,0x00000000ebf80000,0x00000000ec180000)
 ParOldGen       total 68608K, used 45665K [0x00000000c0000000, 0x00000000c4300000, 0x00000000eab00000)
  object space 68608K, 66% used [0x00000000c0000000,0x00000000c2c98408,0x00000000c4300000)
 Metaspace       used 62140K, committed 63296K, reserved 1114112K
  class space    used 6667K, committed 7168K, reserved 1048576K
}
Event: 7.577 GC heap before
{Heap before GC invocations=38 (full 3):
 PSYoungGen      total 20992K, used 20743K [0x00000000eab00000, 0x00000000ec380000, 0x0000000100000000)
  eden space 19968K, 100% used [0x00000000eab00000,0x00000000ebe80000,0x00000000ebe80000)
  from space 1024K, 75% used [0x00000000ec280000,0x00000000ec341f50,0x00000000ec380000)
  to   space 2048K, 0% used [0x00000000ebf80000,0x00000000ebf80000,0x00000000ec180000)
 ParOldGen       total 68608K, used 45665K [0x00000000c0000000, 0x00000000c4300000, 0x00000000eab00000)
  object space 68608K, 66% used [0x00000000c0000000,0x00000000c2c98408,0x00000000c4300000)
 Metaspace       used 64303K, committed 65536K, reserved 1114112K
  class space    used 6874K, committed 7424K, reserved 1048576K
}
Event: 7.578 GC heap after
{Heap after GC invocations=38 (full 3):
 PSYoungGen      total 22016K, used 810K [0x00000000eab00000, 0x00000000ec300000, 0x0000000100000000)
  eden space 19968K, 0% used [0x00000000eab00000,0x00000000eab00000,0x00000000ebe80000)
  from space 2048K, 39% used [0x00000000ebf80000,0x00000000ec04a998,0x00000000ec180000)
  to   space 1024K, 0% used [0x00000000ec200000,0x00000000ec200000,0x00000000ec300000)
 ParOldGen       total 68608K, used 45769K [0x00000000c0000000, 0x00000000c4300000, 0x00000000eab00000)
  object space 68608K, 66% used [0x00000000c0000000,0x00000000c2cb2408,0x00000000c4300000)
 Metaspace       used 64303K, committed 65536K, reserved 1114112K
  class space    used 6874K, committed 7424K, reserved 1048576K
}
Event: 7.674 GC heap before
{Heap before GC invocations=39 (full 3):
 PSYoungGen      total 22016K, used 20778K [0x00000000eab00000, 0x00000000ec300000, 0x0000000100000000)
  eden space 19968K, 100% used [0x00000000eab00000,0x00000000ebe80000,0x00000000ebe80000)
  from space 2048K, 39% used [0x00000000ebf80000,0x00000000ec04a998,0x00000000ec180000)
  to   space 1024K, 0% used [0x00000000ec200000,0x00000000ec200000,0x00000000ec300000)
 ParOldGen       total 68608K, used 45769K [0x00000000c0000000, 0x00000000c4300000, 0x00000000eab00000)
  object space 68608K, 66% used [0x00000000c0000000,0x00000000c2cb2408,0x00000000c4300000)
 Metaspace       used 64903K, committed 66176K, reserved 1114112K
  class space    used 6928K, committed 7488K, reserved 1048576K
}
Event: 7.676 GC heap after
{Heap after GC invocations=39 (full 3):
 PSYoungGen      total 20992K, used 1008K [0x00000000eab00000, 0x00000000ec580000, 0x0000000100000000)
  eden space 19968K, 0% used [0x00000000eab00000,0x00000000eab00000,0x00000000ebe80000)
  from space 1024K, 98% used [0x00000000ec200000,0x00000000ec2fc010,0x00000000ec300000)
  to   space 3584K, 0% used [0x00000000ebe80000,0x00000000ebe80000,0x00000000ec200000)
 ParOldGen       total 68608K, used 47760K [0x00000000c0000000, 0x00000000c4300000, 0x00000000eab00000)
  object space 68608K, 69% used [0x00000000c0000000,0x00000000c2ea41a0,0x00000000c4300000)
 Metaspace       used 64903K, committed 66176K, reserved 1114112K
  class space    used 6928K, committed 7488K, reserved 1048576K
}
Event: 7.739 GC heap before
{Heap before GC invocations=40 (full 3):
 PSYoungGen      total 20992K, used 20976K [0x00000000eab00000, 0x00000000ec580000, 0x0000000100000000)
  eden space 19968K, 100% used [0x00000000eab00000,0x00000000ebe80000,0x00000000ebe80000)
  from space 1024K, 98% used [0x00000000ec200000,0x00000000ec2fc010,0x00000000ec300000)
  to   space 3584K, 0% used [0x00000000ebe80000,0x00000000ebe80000,0x00000000ec200000)
 ParOldGen       total 68608K, used 47760K [0x00000000c0000000, 0x00000000c4300000, 0x00000000eab00000)
  object space 68608K, 69% used [0x00000000c0000000,0x00000000c2ea41a0,0x00000000c4300000)
 Metaspace       used 65015K, committed 66240K, reserved 1114112K
  class space    used 6929K, committed 7488K, reserved 1048576K
}
Event: 7.740 GC heap after
{Heap after GC invocations=40 (full 3):
 PSYoungGen      total 22016K, used 1888K [0x00000000eab00000, 0x00000000ec380000, 0x0000000100000000)
  eden space 19968K, 0% used [0x00000000eab00000,0x00000000eab00000,0x00000000ebe80000)
  from space 2048K, 92% used [0x00000000ebe80000,0x00000000ec058000,0x00000000ec080000)
  to   space 2560K, 0% used [0x00000000ec100000,0x00000000ec100000,0x00000000ec380000)
 ParOldGen       total 68608K, used 48516K [0x00000000c0000000, 0x00000000c4300000, 0x00000000eab00000)
  object space 68608K, 70% used [0x00000000c0000000,0x00000000c2f613d0,0x00000000c4300000)
 Metaspace       used 65015K, committed 66240K, reserved 1114112K
  class space    used 6929K, committed 7488K, reserved 1048576K
}
Event: 7.840 GC heap before
{Heap before GC invocations=41 (full 3):
 PSYoungGen      total 22016K, used 21856K [0x00000000eab00000, 0x00000000ec380000, 0x0000000100000000)
  eden space 19968K, 100% used [0x00000000eab00000,0x00000000ebe80000,0x00000000ebe80000)
  from space 2048K, 92% used [0x00000000ebe80000,0x00000000ec058000,0x00000000ec080000)
  to   space 2560K, 0% used [0x00000000ec100000,0x00000000ec100000,0x00000000ec380000)
 ParOldGen       total 68608K, used 48516K [0x00000000c0000000, 0x00000000c4300000, 0x00000000eab00000)
  object space 68608K, 70% used [0x00000000c0000000,0x00000000c2f613d0,0x00000000c4300000)
 Metaspace       used 65202K, committed 66432K, reserved 1114112K
  class space    used 6932K, committed 7488K, reserved 1048576K
}
Event: 7.842 GC heap after
{Heap after GC invocations=41 (full 3):
 PSYoungGen      total 21504K, used 1504K [0x00000000eab00000, 0x00000000ec280000, 0x0000000100000000)
  eden space 19968K, 0% used [0x00000000eab00000,0x00000000eab00000,0x00000000ebe80000)
  from space 1536K, 97% used [0x00000000ec100000,0x00000000ec278000,0x00000000ec280000)
  to   space 2048K, 0% used [0x00000000ebe80000,0x00000000ebe80000,0x00000000ec080000)
 ParOldGen       total 68608K, used 50108K [0x00000000c0000000, 0x00000000c4300000, 0x00000000eab00000)
  object space 68608K, 73% used [0x00000000c0000000,0x00000000c30ef3d0,0x00000000c4300000)
 Metaspace       used 65202K, committed 66432K, reserved 1114112K
  class space    used 6932K, committed 7488K, reserved 1048576K
}
Event: 7.976 GC heap before
{Heap before GC invocations=42 (full 3):
 PSYoungGen      total 21504K, used 21472K [0x00000000eab00000, 0x00000000ec280000, 0x0000000100000000)
  eden space 19968K, 100% used [0x00000000eab00000,0x00000000ebe80000,0x00000000ebe80000)
  from space 1536K, 97% used [0x00000000ec100000,0x00000000ec278000,0x00000000ec280000)
  to   space 2048K, 0% used [0x00000000ebe80000,0x00000000ebe80000,0x00000000ec080000)
 ParOldGen       total 68608K, used 50108K [0x00000000c0000000, 0x00000000c4300000, 0x00000000eab00000)
  object space 68608K, 73% used [0x00000000c0000000,0x00000000c30ef3d0,0x00000000c4300000)
 Metaspace       used 65869K, committed 67136K, reserved 1114112K
  class space    used 6974K, committed 7488K, reserved 1048576K
}
Event: 7.978 GC heap after
{Heap after GC invocations=42 (full 3):
 PSYoungGen      total 21504K, used 1216K [0x00000000eab00000, 0x00000000ec180000, 0x0000000100000000)
  eden space 19968K, 0% used [0x00000000eab00000,0x00000000eab00000,0x00000000ebe80000)
  from space 1536K, 79% used [0x00000000ebe80000,0x00000000ebfb0040,0x00000000ec000000)
  to   space 1536K, 0% used [0x00000000ec000000,0x00000000ec000000,0x00000000ec180000)
 ParOldGen       total 68608K, used 51450K [0x00000000c0000000, 0x00000000c4300000, 0x00000000eab00000)
  object space 68608K, 74% used [0x00000000c0000000,0x00000000c323eae8,0x00000000c4300000)
 Metaspace       used 65869K, committed 67136K, reserved 1114112K
  class space    used 6974K, committed 7488K, reserved 1048576K
}
Event: 8.035 GC heap before
{Heap before GC invocations=43 (full 3):
 PSYoungGen      total 21504K, used 21184K [0x00000000eab00000, 0x00000000ec180000, 0x0000000100000000)
  eden space 19968K, 100% used [0x00000000eab00000,0x00000000ebe80000,0x00000000ebe80000)
  from space 1536K, 79% used [0x00000000ebe80000,0x00000000ebfb0040,0x00000000ec000000)
  to   space 1536K, 0% used [0x00000000ec000000,0x00000000ec000000,0x00000000ec180000)
 ParOldGen       total 68608K, used 51450K [0x00000000c0000000, 0x00000000c4300000, 0x00000000eab00000)
  object space 68608K, 74% used [0x00000000c0000000,0x00000000c323eae8,0x00000000c4300000)
 Metaspace       used 66078K, committed 67328K, reserved 1114112K
  class space    used 6996K, committed 7552K, reserved 1048576K
}
Event: 8.036 GC heap after
{Heap after GC invocations=43 (full 3):
 PSYoungGen      total 19456K, used 1508K [0x00000000eab00000, 0x00000000ec580000, 0x0000000100000000)
  eden space 17920K, 0% used [0x00000000eab00000,0x00000000eab00000,0x00000000ebc80000)
  from space 1536K, 98% used [0x00000000ec000000,0x00000000ec1793e0,0x00000000ec180000)
  to   space 3584K, 0% used [0x00000000ebc80000,0x00000000ebc80000,0x00000000ec000000)
 ParOldGen       total 68608K, used 52752K [0x00000000c0000000, 0x00000000c4300000, 0x00000000eab00000)
  object space 68608K, 76% used [0x00000000c0000000,0x00000000c3384248,0x00000000c4300000)
 Metaspace       used 66078K, committed 67328K, reserved 1114112K
  class space    used 6996K, committed 7552K, reserved 1048576K
}

