# JRE version: OpenJDK Runtime Environment Temurin-17.0.10+7 (17.0.10+7) (build 17.0.10+7)
# Java VM: OpenJDK 64-Bit Server VM Temurin-17.0.10+7 (17.0.10+7, mixed mode, emulated-client, tiered, compressed oops, compressed class ptrs, g1 gc, windows-amd64)
GC Precious Log:
 CPUs: 12 total, 12 available
 Memory: 7878M
 Large Page Support: Disabled
 NUMA Support: Disabled
 Compressed Oops: Enabled (32-bit)
 Heap Region Size: 1M
 Heap Min Capacity: 8M
 Heap Initial Capacity: 124M
 Heap Max Capacity: 1G
 Pre-touch: Disabled
 Parallel Workers: 10
 Concurrent Workers: 3
 Concurrent Refinement Workers: 10
 Periodic GC: Disabled
Heap:
 garbage-first heap   total 75776K, used 23870K [0x00000000c0000000, 0x0000000100000000)
  region size 1024K, 1 young (1024K), 0 survivors (0K)
 Metaspace       used 37777K, committed 38336K, reserved 1114112K
  class space    used 4915K, committed 5184K, reserved 1048576K
GC Heap History (20 events):
Event: 55.033 GC heap before
{Heap before GC invocations=9 (full 1):
 garbage-first heap   total 75776K, used 27438K [0x00000000c0000000, 0x0000000100000000)
  region size 1024K, 1 young (1024K), 0 survivors (0K)
 Metaspace       used 37891K, committed 38336K, reserved 1114112K
  class space    used 4946K, committed 5184K, reserved 1048576K
}
Event: 55.066 GC heap after
{Heap after GC invocations=10 (full 2):
 garbage-first heap   total 75776K, used 27432K [0x00000000c0000000, 0x0000000100000000)
  region size 1024K, 0 young (0K), 0 survivors (0K)
 Metaspace       used 37891K, committed 38336K, reserved 1114112K
  class space    used 4946K, committed 5184K, reserved 1048576K
}
Event: 65.238 GC heap before
{Heap before GC invocations=10 (full 2):
 garbage-first heap   total 75776K, used 27432K [0x00000000c0000000, 0x0000000100000000)
  region size 1024K, 1 young (1024K), 0 survivors (0K)
 Metaspace       used 37891K, committed 38336K, reserved 1114112K
  class space    used 4946K, committed 5184K, reserved 1048576K
}
Event: 65.260 GC heap after
{Heap after GC invocations=11 (full 3):
 garbage-first heap   total 75776K, used 23871K [0x00000000c0000000, 0x0000000100000000)
  region size 1024K, 0 young (0K), 0 survivors (0K)
 Metaspace       used 37754K, committed 38336K, reserved 1114112K
  class space    used 4912K, committed 5184K, reserved 1048576K
}
Event: 75.434 GC heap before
{Heap before GC invocations=11 (full 3):
 garbage-first heap   total 75776K, used 23871K [0x00000000c0000000, 0x0000000100000000)
  region size 1024K, 1 young (1024K), 0 survivors (0K)
 Metaspace       used 37754K, committed 38336K, reserved 1114112K
  class space    used 4912K, committed 5184K, reserved 1048576K
}
Event: 75.445 GC heap after
{Heap after GC invocations=12 (full 4):
 garbage-first heap   total 75776K, used 23871K [0x00000000c0000000, 0x0000000100000000)
  region size 1024K, 0 young (0K), 0 survivors (0K)
 Metaspace       used 37754K, committed 38336K, reserved 1114112K
  class space    used 4912K, committed 5184K, reserved 1048576K
}
Event: 85.704 GC heap before
{Heap before GC invocations=12 (full 4):
 garbage-first heap   total 75776K, used 23871K [0x00000000c0000000, 0x0000000100000000)
  region size 1024K, 1 young (1024K), 0 survivors (0K)
 Metaspace       used 37754K, committed 38336K, reserved 1114112K
  class space    used 4912K, committed 5184K, reserved 1048576K
}
Event: 85.724 GC heap after
{Heap after GC invocations=13 (full 5):
 garbage-first heap   total 75776K, used 23871K [0x00000000c0000000, 0x0000000100000000)
  region size 1024K, 0 young (0K), 0 survivors (0K)
 Metaspace       used 37754K, committed 38336K, reserved 1114112K
  class space    used 4912K, committed 5184K, reserved 1048576K
}
Event: 105.947 GC heap before
{Heap before GC invocations=13 (full 5):
 garbage-first heap   total 75776K, used 23871K [0x00000000c0000000, 0x0000000100000000)
  region size 1024K, 1 young (1024K), 0 survivors (0K)
 Metaspace       used 37777K, committed 38336K, reserved 1114112K
  class space    used 4915K, committed 5184K, reserved 1048576K
}
Event: 105.964 GC heap after
{Heap after GC invocations=14 (full 6):
 garbage-first heap   total 75776K, used 23882K [0x00000000c0000000, 0x0000000100000000)
  region size 1024K, 0 young (0K), 0 survivors (0K)
 Metaspace       used 37777K, committed 38336K, reserved 1114112K
  class space    used 4915K, committed 5184K, reserved 1048576K
}
Event: 116.175 GC heap before
{Heap before GC invocations=14 (full 6):
 garbage-first heap   total 75776K, used 23882K [0x00000000c0000000, 0x0000000100000000)
  region size 1024K, 1 young (1024K), 0 survivors (0K)
 Metaspace       used 37777K, committed 38336K, reserved 1114112K
  class space    used 4915K, committed 5184K, reserved 1048576K
}
Event: 116.190 GC heap after
{Heap after GC invocations=15 (full 7):
 garbage-first heap   total 75776K, used 23882K [0x00000000c0000000, 0x0000000100000000)
  region size 1024K, 0 young (0K), 0 survivors (0K)
 Metaspace       used 37777K, committed 38336K, reserved 1114112K
  class space    used 4915K, committed 5184K, reserved 1048576K
}
Event: 126.380 GC heap before
{Heap before GC invocations=15 (full 7):
 garbage-first heap   total 75776K, used 23882K [0x00000000c0000000, 0x0000000100000000)
  region size 1024K, 1 young (1024K), 0 survivors (0K)
 Metaspace       used 37777K, committed 38336K, reserved 1114112K
  class space    used 4915K, committed 5184K, reserved 1048576K
}
Event: 126.391 GC heap after
{Heap after GC invocations=16 (full 8):
 garbage-first heap   total 75776K, used 23882K [0x00000000c0000000, 0x0000000100000000)
  region size 1024K, 0 young (0K), 0 survivors (0K)
 Metaspace       used 37777K, committed 38336K, reserved 1114112K
  class space    used 4915K, committed 5184K, reserved 1048576K
}
Event: 136.593 GC heap before
{Heap before GC invocations=16 (full 8):
 garbage-first heap   total 75776K, used 23882K [0x00000000c0000000, 0x0000000100000000)
  region size 1024K, 1 young (1024K), 0 survivors (0K)
 Metaspace       used 37777K, committed 38336K, reserved 1114112K
  class space    used 4915K, committed 5184K, reserved 1048576K
}
Event: 136.608 GC heap after
{Heap after GC invocations=17 (full 9):
 garbage-first heap   total 75776K, used 23882K [0x00000000c0000000, 0x0000000100000000)
  region size 1024K, 0 young (0K), 0 survivors (0K)
 Metaspace       used 37777K, committed 38336K, reserved 1114112K
  class space    used 4915K, committed 5184K, reserved 1048576K
}
Event: 146.821 GC heap before
{Heap before GC invocations=17 (full 9):
 garbage-first heap   total 75776K, used 23882K [0x00000000c0000000, 0x0000000100000000)
  region size 1024K, 1 young (1024K), 0 survivors (0K)
 Metaspace       used 37777K, committed 38336K, reserved 1114112K
  class space    used 4915K, committed 5184K, reserved 1048576K
}
Event: 146.833 GC heap after
{Heap after GC invocations=18 (full 10):
 garbage-first heap   total 75776K, used 23870K [0x00000000c0000000, 0x0000000100000000)
  region size 1024K, 0 young (0K), 0 survivors (0K)
 Metaspace       used 37777K, committed 38336K, reserved 1114112K
  class space    used 4915K, committed 5184K, reserved 1048576K
}
Event: 157.034 GC heap before
{Heap before GC invocations=18 (full 10):
 garbage-first heap   total 75776K, used 23870K [0x00000000c0000000, 0x0000000100000000)
  region size 1024K, 1 young (1024K), 0 survivors (0K)
 Metaspace       used 37777K, committed 38336K, reserved 1114112K
  class space    used 4915K, committed 5184K, reserved 1048576K
}
Event: 157.047 GC heap after
{Heap after GC invocations=19 (full 11):
 garbage-first heap   total 75776K, used 23870K [0x00000000c0000000, 0x0000000100000000)
  region size 1024K, 0 young (0K), 0 survivors (0K)
 Metaspace       used 37777K, committed 38336K, reserved 1114112K
  class space    used 4915K, committed 5184K, reserved 1048576K
}

